<?xml version="1.0" encoding="UTF-8"?>
<!-- Generated by org.testng.reporters.JUnitReportReporter -->
<testsuite hostname="DESKTOP-L8D6NFS" failures="0" tests="1" name="com.Equarz.Testcases.Search" time="54.180" errors="0" timestamp="2023-09-14T16:38:10 IST" skipped="0">
  <testcase classname="com.Equarz.Testcases.Search" name="verfy" time="54.180"/>
</testsuite> <!-- com.Equarz.Testcases.Search -->
