<?xml version="1.0" encoding="UTF-8"?>
<!-- Generated by org.testng.reporters.JUnitReportReporter -->
<testsuite hostname="DESKTOP-L8D6NFS" failures="0" tests="1" name="com.Equarz.Testcases.Registerpage1" time="44.859" errors="0" timestamp="2023-09-07T14:55:44 IST" skipped="0">
  <testcase classname="com.Equarz.Testcases.Registerpage1" name="VerifyRegi" time="44.859"/>
</testsuite> <!-- com.Equarz.Testcases.Registerpage1 -->
