<?xml version="1.0" encoding="UTF-8"?>
<!-- Generated by org.testng.reporters.JUnitReportReporter -->
<testsuite hostname="DESKTOP-L8D6NFS" failures="0" tests="1" name="com.Equarz.Testcases.LoginTest" time="24.148" errors="0" timestamp="2023-09-06T15:20:23 IST" skipped="0">
  <testcase classname="com.Equarz.Testcases.LoginTest" name="VerifyLogin" time="24.148"/>
</testsuite> <!-- com.Equarz.Testcases.LoginTest -->
