<?xml version="1.0" encoding="UTF-8"?>
<!-- Generated by org.testng.reporters.JUnitReportReporter -->
<testsuite hostname="DESKTOP-L8D6NFS" failures="0" tests="1" name="com.Equarz.Testcases.cart" time="46.854" errors="0" timestamp="2023-09-14T13:19:28 IST" skipped="0">
  <testcase classname="com.Equarz.Testcases.cart" name="Verifycart" time="46.854"/>
</testsuite> <!-- com.Equarz.Testcases.cart -->
