<?xml version="1.0" encoding="UTF-8"?>
<!-- Generated by org.testng.reporters.JUnitReportReporter -->
<testsuite hostname="DESKTOP-L8D6NFS" failures="0" tests="4" name="com.Pageobjects.RegisterFunctionalityTest" time="0.042" errors="1" timestamp="2023-09-05T21:04:17 IST" skipped="3">
  <testcase classname="com.Pageobjects.RegisterFunctionalityTest" name="setup" time="0.034">
    <error type="java.lang.StackOverflowError">
      <![CDATA[java.lang.StackOverflowError
at com.Pageobjects.RegisterFunctionalityTest.setup(RegisterFunctionalityTest.java:20)
at com.Pageobjects.RegisterFunctionalityTest.setup(RegisterFunctionalityTest.java:20)
at com.Pageobjects.RegisterFunctionalityTest.setup(RegisterFunctionalityTest.java:20)
at com.Pageobjects.RegisterFunctionalityTest.setup(RegisterFunctionalityTest.java:20)
at com.Pageobjects.RegisterFunctionalityTest.setup(RegisterFunctionalityTest.java:20)
at com.Pageobjects.RegisterFunctionalityTest.setup(RegisterFunctionalityTest.java:20)
at com.Pageobjects.RegisterFunctionalityTest.setup(RegisterFunctionalityTest.java:20)
at com.Pageobjects.RegisterFunctionalityTest.setup(RegisterFunctionalityTest.java:20)
at com.Pageobjects.RegisterFunctionalityTest.setup(RegisterFunctionalityTest.java:20)
at com.Pageobjects.RegisterFunctionalityTest.setup(RegisterFunctionalityTest.java:20)
at com.Pageobjects.RegisterFunctionalityTest.setup(RegisterFunctionalityTest.java:20)
at com.Pageobjects.RegisterFunctionalityTest.setup(RegisterFunctionalityTest.java:20)
at com.Pageobjects.RegisterFunctionalityTest.setup(RegisterFunctionalityTest.java:20)
at com.Pageobjects.RegisterFunctionalityTest.setup(RegisterFunctionalityTest.java:20)
at com.Pageobjects.RegisterFunctionalityTest.setup(RegisterFunctionalityTest.java:20)
at com.Pageobjects.RegisterFunctionalityTest.setup(RegisterFunctionalityTest.java:20)
at com.Pageobjects.RegisterFunctionalityTest.setup(RegisterFunctionalityTest.java:20)
at com.Pageobjects.RegisterFunctionalityTest.setup(RegisterFunctionalityTest.java:20)
at com.Pageobjects.RegisterFunctionalityTest.setup(RegisterFunctionalityTest.java:20)
at com.Pageobjects.RegisterFunctionalityTest.setup(RegisterFunctionalityTest.java:20)
at com.Pageobjects.RegisterFunctionalityTest.setup(RegisterFunctionalityTest.java:20)
at com.Pageobjects.RegisterFunctionalityTest.setup(RegisterFunctionalityTest.java:20)
at com.Pageobjects.RegisterFunctionalityTest.setup(RegisterFunctionalityTest.java:20)
at com.Pageobjects.RegisterFunctionalityTest.setup(RegisterFunctionalityTest.java:20)
at com.Pageobjects.RegisterFunctionalityTest.setup(RegisterFunctionalityTest.java:20)
at com.Pageobjects.RegisterFunctionalityTest.setup(RegisterFunctionalityTest.java:20)
at com.Pageobjects.RegisterFunctionalityTest.setup(RegisterFunctionalityTest.java:20)
at com.Pageobjects.RegisterFunctionalityTest.setup(RegisterFunctionalityTest.java:20)
at com.Pageobjects.RegisterFunctionalityTest.setup(RegisterFunctionalityTest.java:20)
at com.Pageobjects.RegisterFunctionalityTest.setup(RegisterFunctionalityTest.java:20)
at com.Pageobjects.RegisterFunctionalityTest.setup(RegisterFunctionalityTest.java:20)
at com.Pageobjects.RegisterFunctionalityTest.setup(RegisterFunctionalityTest.java:20)
at com.Pageobjects.RegisterFunctionalityTest.setup(RegisterFunctionalityTest.java:20)
at com.Pageobjects.RegisterFunctionalityTest.setup(RegisterFunctionalityTest.java:20)
at com.Pageobjects.RegisterFunctionalityTest.setup(RegisterFunctionalityTest.java:20)
at com.Pageobjects.RegisterFunctionalityTest.setup(RegisterFunctionalityTest.java:20)
at com.Pageobjects.RegisterFunctionalityTest.setup(RegisterFunctionalityTest.java:20)
at com.Pageobjects.RegisterFunctionalityTest.setup(RegisterFunctionalityTest.java:20)
at com.Pageobjects.RegisterFunctionalityTest.setup(RegisterFunctionalityTest.java:20)
at com.Pageobjects.RegisterFunctionalityTest.setup(RegisterFunctionalityTest.java:20)
at com.Pageobjects.RegisterFunctionalityTest.setup(RegisterFunctionalityTest.java:20)
at com.Pageobjects.RegisterFunctionalityTest.setup(RegisterFunctionalityTest.java:20)
at com.Pageobjects.RegisterFunctionalityTest.setup(RegisterFunctionalityTest.java:20)
at com.Pageobjects.RegisterFunctionalityTest.setup(RegisterFunctionalityTest.java:20)
at com.Pageobjects.RegisterFunctionalityTest.setup(RegisterFunctionalityTest.java:20)
at com.Pageobjects.RegisterFunctionalityTest.setup(RegisterFunctionalityTest.java:20)
at com.Pageobjects.RegisterFunctionalityTest.setup(RegisterFunctionalityTest.java:20)
at com.Pageobjects.RegisterFunctionalityTest.setup(RegisterFunctionalityTest.java:20)
at com.Pageobjects.RegisterFunctionalityTest.setup(RegisterFunctionalityTest.java:20)
at com.Pageobjects.RegisterFunctionalityTest.setup(RegisterFunctionalityTest.java:20)
at com.Pageobjects.RegisterFunctionalityTest.setup(RegisterFunctionalityTest.java:20)
at com.Pageobjects.RegisterFunctionalityTest.setup(RegisterFunctionalityTest.java:20)
at com.Pageobjects.RegisterFunctionalityTest.setup(RegisterFunctionalityTest.java:20)
at com.Pageobjects.RegisterFunctionalityTest.setup(RegisterFunctionalityTest.java:20)
at com.Pageobjects.RegisterFunctionalityTest.setup(RegisterFunctionalityTest.java:20)
at com.Pageobjects.RegisterFunctionalityTest.setup(RegisterFunctionalityTest.java:20)
at com.Pageobjects.RegisterFunctionalityTest.setup(RegisterFunctionalityTest.java:20)
at com.Pageobjects.RegisterFunctionalityTest.setup(RegisterFunctionalityTest.java:20)
at com.Pageobjects.RegisterFunctionalityTest.setup(RegisterFunctionalityTest.java:20)
at com.Pageobjects.RegisterFunctionalityTest.setup(RegisterFunctionalityTest.java:20)
at com.Pageobjects.RegisterFunctionalityTest.setup(RegisterFunctionalityTest.java:20)
at com.Pageobjects.RegisterFunctionalityTest.setup(RegisterFunctionalityTest.java:20)
at com.Pageobjects.RegisterFunctionalityTest.setup(RegisterFunctionalityTest.java:20)
at com.Pageobjects.RegisterFunctionalityTest.setup(RegisterFunctionalityTest.java:20)
at com.Pageobjects.RegisterFunctionalityTest.setup(RegisterFunctionalityTest.java:20)
at com.Pageobjects.RegisterFunctionalityTest.setup(RegisterFunctionalityTest.java:20)
at com.Pageobjects.RegisterFunctionalityTest.setup(RegisterFunctionalityTest.java:20)
at com.Pageobjects.RegisterFunctionalityTest.setup(RegisterFunctionalityTest.java:20)
at com.Pageobjects.RegisterFunctionalityTest.setup(RegisterFunctionalityTest.java:20)
at com.Pageobjects.RegisterFunctionalityTest.setup(RegisterFunctionalityTest.java:20)
at com.Pageobjects.RegisterFunctionalityTest.setup(RegisterFunctionalityTest.java:20)
at com.Pageobjects.RegisterFunctionalityTest.setup(RegisterFunctionalityTest.java:20)
at com.Pageobjects.RegisterFunctionalityTest.setup(RegisterFunctionalityTest.java:20)
at com.Pageobjects.RegisterFunctionalityTest.setup(RegisterFunctionalityTest.java:20)
at com.Pageobjects.RegisterFunctionalityTest.setup(RegisterFunctionalityTest.java:20)
at com.Pageobjects.RegisterFunctionalityTest.setup(RegisterFunctionalityTest.java:20)
at com.Pageobjects.RegisterFunctionalityTest.setup(RegisterFunctionalityTest.java:20)
at com.Pageobjects.RegisterFunctionalityTest.setup(RegisterFunctionalityTest.java:20)
at com.Pageobjects.RegisterFunctionalityTest.setup(RegisterFunctionalityTest.java:20)
at com.Pageobjects.RegisterFunctionalityTest.setup(RegisterFunctionalityTest.java:20)
at com.Pageobjects.RegisterFunctionalityTest.setup(RegisterFunctionalityTest.java:20)
at com.Pageobjects.RegisterFunctionalityTest.setup(RegisterFunctionalityTest.java:20)
at com.Pageobjects.RegisterFunctionalityTest.setup(RegisterFunctionalityTest.java:20)
at com.Pageobjects.RegisterFunctionalityTest.setup(RegisterFunctionalityTest.java:20)
at com.Pageobjects.RegisterFunctionalityTest.setup(RegisterFunctionalityTest.java:20)
at com.Pageobjects.RegisterFunctionalityTest.setup(RegisterFunctionalityTest.java:20)
at com.Pageobjects.RegisterFunctionalityTest.setup(RegisterFunctionalityTest.java:20)
at com.Pageobjects.RegisterFunctionalityTest.setup(RegisterFunctionalityTest.java:20)
at com.Pageobjects.RegisterFunctionalityTest.setup(RegisterFunctionalityTest.java:20)
at com.Pageobjects.RegisterFunctionalityTest.setup(RegisterFunctionalityTest.java:20)
at com.Pageobjects.RegisterFunctionalityTest.setup(RegisterFunctionalityTest.java:20)
at com.Pageobjects.RegisterFunctionalityTest.setup(RegisterFunctionalityTest.java:20)
at com.Pageobjects.RegisterFunctionalityTest.setup(RegisterFunctionalityTest.java:20)
at com.Pageobjects.RegisterFunctionalityTest.setup(RegisterFunctionalityTest.java:20)
at com.Pageobjects.RegisterFunctionalityTest.setup(RegisterFunctionalityTest.java:20)
at com.Pageobjects.RegisterFunctionalityTest.setup(RegisterFunctionalityTest.java:20)
at com.Pageobjects.RegisterFunctionalityTest.setup(RegisterFunctionalityTest.java:20)
at com.Pageobjects.RegisterFunctionalityTest.setup(RegisterFunctionalityTest.java:20)
at com.Pageobjects.RegisterFunctionalityTest.setup(RegisterFunctionalityTest.java:20)
at com.Pageobjects.RegisterFunctionalityTest.setup(RegisterFunctionalityTest.java:20)
at com.Pageobjects.RegisterFunctionalityTest.setup(RegisterFunctionalityTest.java:20)
at com.Pageobjects.RegisterFunctionalityTest.setup(RegisterFunctionalityTest.java:20)
at com.Pageobjects.RegisterFunctionalityTest.setup(RegisterFunctionalityTest.java:20)
at com.Pageobjects.RegisterFunctionalityTest.setup(RegisterFunctionalityTest.java:20)
at com.Pageobjects.RegisterFunctionalityTest.setup(RegisterFunctionalityTest.java:20)
at com.Pageobjects.RegisterFunctionalityTest.setup(RegisterFunctionalityTest.java:20)
at com.Pageobjects.RegisterFunctionalityTest.setup(RegisterFunctionalityTest.java:20)
at com.Pageobjects.RegisterFunctionalityTest.setup(RegisterFunctionalityTest.java:20)
at com.Pageobjects.RegisterFunctionalityTest.setup(RegisterFunctionalityTest.java:20)
at com.Pageobjects.RegisterFunctionalityTest.setup(RegisterFunctionalityTest.java:20)
at com.Pageobjects.RegisterFunctionalityTest.setup(RegisterFunctionalityTest.java:20)
at com.Pageobjects.RegisterFunctionalityTest.setup(RegisterFunctionalityTest.java:20)
at com.Pageobjects.RegisterFunctionalityTest.setup(RegisterFunctionalityTest.java:20)
at com.Pageobjects.RegisterFunctionalityTest.setup(RegisterFunctionalityTest.java:20)
at com.Pageobjects.RegisterFunctionalityTest.setup(RegisterFunctionalityTest.java:20)
at com.Pageobjects.RegisterFunctionalityTest.setup(RegisterFunctionalityTest.java:20)
at com.Pageobjects.RegisterFunctionalityTest.setup(RegisterFunctionalityTest.java:20)
at com.Pageobjects.RegisterFunctionalityTest.setup(RegisterFunctionalityTest.java:20)
at com.Pageobjects.RegisterFunctionalityTest.setup(RegisterFunctionalityTest.java:20)
at com.Pageobjects.RegisterFunctionalityTest.setup(RegisterFunctionalityTest.java:20)
at com.Pageobjects.RegisterFunctionalityTest.setup(RegisterFunctionalityTest.java:20)
at com.Pageobjects.RegisterFunctionalityTest.setup(RegisterFunctionalityTest.java:20)
at com.Pageobjects.RegisterFunctionalityTest.setup(RegisterFunctionalityTest.java:20)
at com.Pageobjects.RegisterFunctionalityTest.setup(RegisterFunctionalityTest.java:20)
at com.Pageobjects.RegisterFunctionalityTest.setup(RegisterFunctionalityTest.java:20)
at com.Pageobjects.RegisterFunctionalityTest.setup(RegisterFunctionalityTest.java:20)
at com.Pageobjects.RegisterFunctionalityTest.setup(RegisterFunctionalityTest.java:20)
at com.Pageobjects.RegisterFunctionalityTest.setup(RegisterFunctionalityTest.java:20)
at com.Pageobjects.RegisterFunctionalityTest.setup(RegisterFunctionalityTest.java:20)
at com.Pageobjects.RegisterFunctionalityTest.setup(RegisterFunctionalityTest.java:20)
at com.Pageobjects.RegisterFunctionalityTest.setup(RegisterFunctionalityTest.java:20)
at com.Pageobjects.RegisterFunctionalityTest.setup(RegisterFunctionalityTest.java:20)
at com.Pageobjects.RegisterFunctionalityTest.setup(RegisterFunctionalityTest.java:20)
at com.Pageobjects.RegisterFunctionalityTest.setup(RegisterFunctionalityTest.java:20)
at com.Pageobjects.RegisterFunctionalityTest.setup(RegisterFunctionalityTest.java:20)
at com.Pageobjects.RegisterFunctionalityTest.setup(RegisterFunctionalityTest.java:20)
at com.Pageobjects.RegisterFunctionalityTest.setup(RegisterFunctionalityTest.java:20)
at com.Pageobjects.RegisterFunctionalityTest.setup(RegisterFunctionalityTest.java:20)
at com.Pageobjects.RegisterFunctionalityTest.setup(RegisterFunctionalityTest.java:20)
at com.Pageobjects.RegisterFunctionalityTest.setup(RegisterFunctionalityTest.java:20)
at com.Pageobjects.RegisterFunctionalityTest.setup(RegisterFunctionalityTest.java:20)
at com.Pageobjects.RegisterFunctionalityTest.setup(RegisterFunctionalityTest.java:20)
at com.Pageobjects.RegisterFunctionalityTest.setup(RegisterFunctionalityTest.java:20)
at com.Pageobjects.RegisterFunctionalityTest.setup(RegisterFunctionalityTest.java:20)
at com.Pageobjects.RegisterFunctionalityTest.setup(RegisterFunctionalityTest.java:20)
at com.Pageobjects.RegisterFunctionalityTest.setup(RegisterFunctionalityTest.java:20)
at com.Pageobjects.RegisterFunctionalityTest.setup(RegisterFunctionalityTest.java:20)
at com.Pageobjects.RegisterFunctionalityTest.setup(RegisterFunctionalityTest.java:20)
at com.Pageobjects.RegisterFunctionalityTest.setup(RegisterFunctionalityTest.java:20)
at com.Pageobjects.RegisterFunctionalityTest.setup(RegisterFunctionalityTest.java:20)
at com.Pageobjects.RegisterFunctionalityTest.setup(RegisterFunctionalityTest.java:20)
at com.Pageobjects.RegisterFunctionalityTest.setup(RegisterFunctionalityTest.java:20)
at com.Pageobjects.RegisterFunctionalityTest.setup(RegisterFunctionalityTest.java:20)
at com.Pageobjects.RegisterFunctionalityTest.setup(RegisterFunctionalityTest.java:20)
at com.Pageobjects.RegisterFunctionalityTest.setup(RegisterFunctionalityTest.java:20)
at com.Pageobjects.RegisterFunctionalityTest.setup(RegisterFunctionalityTest.java:20)
at com.Pageobjects.RegisterFunctionalityTest.setup(RegisterFunctionalityTest.java:20)
at com.Pageobjects.RegisterFunctionalityTest.setup(RegisterFunctionalityTest.java:20)
at com.Pageobjects.RegisterFunctionalityTest.setup(RegisterFunctionalityTest.java:20)
at com.Pageobjects.RegisterFunctionalityTest.setup(RegisterFunctionalityTest.java:20)
at com.Pageobjects.RegisterFunctionalityTest.setup(RegisterFunctionalityTest.java:20)
at com.Pageobjects.RegisterFunctionalityTest.setup(RegisterFunctionalityTest.java:20)
at com.Pageobjects.RegisterFunctionalityTest.setup(RegisterFunctionalityTest.java:20)
at com.Pageobjects.RegisterFunctionalityTest.setup(RegisterFunctionalityTest.java:20)
at com.Pageobjects.RegisterFunctionalityTest.setup(RegisterFunctionalityTest.java:20)
at com.Pageobjects.RegisterFunctionalityTest.setup(RegisterFunctionalityTest.java:20)
at com.Pageobjects.RegisterFunctionalityTest.setup(RegisterFunctionalityTest.java:20)
at com.Pageobjects.RegisterFunctionalityTest.setup(RegisterFunctionalityTest.java:20)
at com.Pageobjects.RegisterFunctionalityTest.setup(RegisterFunctionalityTest.java:20)
at com.Pageobjects.RegisterFunctionalityTest.setup(RegisterFunctionalityTest.java:20)
at com.Pageobjects.RegisterFunctionalityTest.setup(RegisterFunctionalityTest.java:20)
at com.Pageobjects.RegisterFunctionalityTest.setup(RegisterFunctionalityTest.java:20)
at com.Pageobjects.RegisterFunctionalityTest.setup(RegisterFunctionalityTest.java:20)
at com.Pageobjects.RegisterFunctionalityTest.setup(RegisterFunctionalityTest.java:20)
at com.Pageobjects.RegisterFunctionalityTest.setup(RegisterFunctionalityTest.java:20)
at com.Pageobjects.RegisterFunctionalityTest.setup(RegisterFunctionalityTest.java:20)
at com.Pageobjects.RegisterFunctionalityTest.setup(RegisterFunctionalityTest.java:20)
at com.Pageobjects.RegisterFunctionalityTest.setup(RegisterFunctionalityTest.java:20)
at com.Pageobjects.RegisterFunctionalityTest.setup(RegisterFunctionalityTest.java:20)
at com.Pageobjects.RegisterFunctionalityTest.setup(RegisterFunctionalityTest.java:20)
at com.Pageobjects.RegisterFunctionalityTest.setup(RegisterFunctionalityTest.java:20)
at com.Pageobjects.RegisterFunctionalityTest.setup(RegisterFunctionalityTest.java:20)
at com.Pageobjects.RegisterFunctionalityTest.setup(RegisterFunctionalityTest.java:20)
at com.Pageobjects.RegisterFunctionalityTest.setup(RegisterFunctionalityTest.java:20)
at com.Pageobjects.RegisterFunctionalityTest.setup(RegisterFunctionalityTest.java:20)
at com.Pageobjects.RegisterFunctionalityTest.setup(RegisterFunctionalityTest.java:20)
at com.Pageobjects.RegisterFunctionalityTest.setup(RegisterFunctionalityTest.java:20)
at com.Pageobjects.RegisterFunctionalityTest.setup(RegisterFunctionalityTest.java:20)
at com.Pageobjects.RegisterFunctionalityTest.setup(RegisterFunctionalityTest.java:20)
at com.Pageobjects.RegisterFunctionalityTest.setup(RegisterFunctionalityTest.java:20)
at com.Pageobjects.RegisterFunctionalityTest.setup(RegisterFunctionalityTest.java:20)
at com.Pageobjects.RegisterFunctionalityTest.setup(RegisterFunctionalityTest.java:20)
at com.Pageobjects.RegisterFunctionalityTest.setup(RegisterFunctionalityTest.java:20)
at com.Pageobjects.RegisterFunctionalityTest.setup(RegisterFunctionalityTest.java:20)
at com.Pageobjects.RegisterFunctionalityTest.setup(RegisterFunctionalityTest.java:20)
at com.Pageobjects.RegisterFunctionalityTest.setup(RegisterFunctionalityTest.java:20)
at com.Pageobjects.RegisterFunctionalityTest.setup(RegisterFunctionalityTest.java:20)
at com.Pageobjects.RegisterFunctionalityTest.setup(RegisterFunctionalityTest.java:20)
at com.Pageobjects.RegisterFunctionalityTest.setup(RegisterFunctionalityTest.java:20)
at com.Pageobjects.RegisterFunctionalityTest.setup(RegisterFunctionalityTest.java:20)
at com.Pageobjects.RegisterFunctionalityTest.setup(RegisterFunctionalityTest.java:20)
at com.Pageobjects.RegisterFunctionalityTest.setup(RegisterFunctionalityTest.java:20)
at com.Pageobjects.RegisterFunctionalityTest.setup(RegisterFunctionalityTest.java:20)
at com.Pageobjects.RegisterFunctionalityTest.setup(RegisterFunctionalityTest.java:20)
at com.Pageobjects.RegisterFunctionalityTest.setup(RegisterFunctionalityTest.java:20)
at com.Pageobjects.RegisterFunctionalityTest.setup(RegisterFunctionalityTest.java:20)
at com.Pageobjects.RegisterFunctionalityTest.setup(RegisterFunctionalityTest.java:20)
at com.Pageobjects.RegisterFunctionalityTest.setup(RegisterFunctionalityTest.java:20)
at com.Pageobjects.RegisterFunctionalityTest.setup(RegisterFunctionalityTest.java:20)
at com.Pageobjects.RegisterFunctionalityTest.setup(RegisterFunctionalityTest.java:20)
at com.Pageobjects.RegisterFunctionalityTest.setup(RegisterFunctionalityTest.java:20)
at com.Pageobjects.RegisterFunctionalityTest.setup(RegisterFunctionalityTest.java:20)
at com.Pageobjects.RegisterFunctionalityTest.setup(RegisterFunctionalityTest.java:20)
at com.Pageobjects.RegisterFunctionalityTest.setup(RegisterFunctionalityTest.java:20)
at com.Pageobjects.RegisterFunctionalityTest.setup(RegisterFunctionalityTest.java:20)
at com.Pageobjects.RegisterFunctionalityTest.setup(RegisterFunctionalityTest.java:20)
at com.Pageobjects.RegisterFunctionalityTest.setup(RegisterFunctionalityTest.java:20)
at com.Pageobjects.RegisterFunctionalityTest.setup(RegisterFunctionalityTest.java:20)
at com.Pageobjects.RegisterFunctionalityTest.setup(RegisterFunctionalityTest.java:20)
at com.Pageobjects.RegisterFunctionalityTest.setup(RegisterFunctionalityTest.java:20)
at com.Pageobjects.RegisterFunctionalityTest.setup(RegisterFunctionalityTest.java:20)
at com.Pageobjects.RegisterFunctionalityTest.setup(RegisterFunctionalityTest.java:20)
at com.Pageobjects.RegisterFunctionalityTest.setup(RegisterFunctionalityTest.java:20)
at com.Pageobjects.RegisterFunctionalityTest.setup(RegisterFunctionalityTest.java:20)
at com.Pageobjects.RegisterFunctionalityTest.setup(RegisterFunctionalityTest.java:20)
at com.Pageobjects.RegisterFunctionalityTest.setup(RegisterFunctionalityTest.java:20)
at com.Pageobjects.RegisterFunctionalityTest.setup(RegisterFunctionalityTest.java:20)
at com.Pageobjects.RegisterFunctionalityTest.setup(RegisterFunctionalityTest.java:20)
at com.Pageobjects.RegisterFunctionalityTest.setup(RegisterFunctionalityTest.java:20)
at com.Pageobjects.RegisterFunctionalityTest.setup(RegisterFunctionalityTest.java:20)
at com.Pageobjects.RegisterFunctionalityTest.setup(RegisterFunctionalityTest.java:20)
at com.Pageobjects.RegisterFunctionalityTest.setup(RegisterFunctionalityTest.java:20)
at com.Pageobjects.RegisterFunctionalityTest.setup(RegisterFunctionalityTest.java:20)
at com.Pageobjects.RegisterFunctionalityTest.setup(RegisterFunctionalityTest.java:20)
at com.Pageobjects.RegisterFunctionalityTest.setup(RegisterFunctionalityTest.java:20)
at com.Pageobjects.RegisterFunctionalityTest.setup(RegisterFunctionalityTest.java:20)
at com.Pageobjects.RegisterFunctionalityTest.setup(RegisterFunctionalityTest.java:20)
at com.Pageobjects.RegisterFunctionalityTest.setup(RegisterFunctionalityTest.java:20)
at com.Pageobjects.RegisterFunctionalityTest.setup(RegisterFunctionalityTest.java:20)
at com.Pageobjects.RegisterFunctionalityTest.setup(RegisterFunctionalityTest.java:20)
at com.Pageobjects.RegisterFunctionalityTest.setup(RegisterFunctionalityTest.java:20)
at com.Pageobjects.RegisterFunctionalityTest.setup(RegisterFunctionalityTest.java:20)
at com.Pageobjects.RegisterFunctionalityTest.setup(RegisterFunctionalityTest.java:20)
at com.Pageobjects.RegisterFunctionalityTest.setup(RegisterFunctionalityTest.java:20)
at com.Pageobjects.RegisterFunctionalityTest.setup(RegisterFunctionalityTest.java:20)
at com.Pageobjects.RegisterFunctionalityTest.setup(RegisterFunctionalityTest.java:20)
at com.Pageobjects.RegisterFunctionalityTest.setup(RegisterFunctionalityTest.java:20)
at com.Pageobjects.RegisterFunctionalityTest.setup(RegisterFunctionalityTest.java:20)
at com.Pageobjects.RegisterFunctionalityTest.setup(RegisterFunctionalityTest.java:20)
at com.Pageobjects.RegisterFunctionalityTest.setup(RegisterFunctionalityTest.java:20)
at com.Pageobjects.RegisterFunctionalityTest.setup(RegisterFunctionalityTest.java:20)
at com.Pageobjects.RegisterFunctionalityTest.setup(RegisterFunctionalityTest.java:20)
at com.Pageobjects.RegisterFunctionalityTest.setup(RegisterFunctionalityTest.java:20)
at com.Pageobjects.RegisterFunctionalityTest.setup(RegisterFunctionalityTest.java:20)
at com.Pageobjects.RegisterFunctionalityTest.setup(RegisterFunctionalityTest.java:20)
at com.Pageobjects.RegisterFunctionalityTest.setup(RegisterFunctionalityTest.java:20)
at com.Pageobjects.RegisterFunctionalityTest.setup(RegisterFunctionalityTest.java:20)
at com.Pageobjects.RegisterFunctionalityTest.setup(RegisterFunctionalityTest.java:20)
at com.Pageobjects.RegisterFunctionalityTest.setup(RegisterFunctionalityTest.java:20)
at com.Pageobjects.RegisterFunctionalityTest.setup(RegisterFunctionalityTest.java:20)
at com.Pageobjects.RegisterFunctionalityTest.setup(RegisterFunctionalityTest.java:20)
at com.Pageobjects.RegisterFunctionalityTest.setup(RegisterFunctionalityTest.java:20)
at com.Pageobjects.RegisterFunctionalityTest.setup(RegisterFunctionalityTest.java:20)
at com.Pageobjects.RegisterFunctionalityTest.setup(RegisterFunctionalityTest.java:20)
at com.Pageobjects.RegisterFunctionalityTest.setup(RegisterFunctionalityTest.java:20)
at com.Pageobjects.RegisterFunctionalityTest.setup(RegisterFunctionalityTest.java:20)
at com.Pageobjects.RegisterFunctionalityTest.setup(RegisterFunctionalityTest.java:20)
at com.Pageobjects.RegisterFunctionalityTest.setup(RegisterFunctionalityTest.java:20)
at com.Pageobjects.RegisterFunctionalityTest.setup(RegisterFunctionalityTest.java:20)
at com.Pageobjects.RegisterFunctionalityTest.setup(RegisterFunctionalityTest.java:20)
at com.Pageobjects.RegisterFunctionalityTest.setup(RegisterFunctionalityTest.java:20)
at com.Pageobjects.RegisterFunctionalityTest.setup(RegisterFunctionalityTest.java:20)
at com.Pageobjects.RegisterFunctionalityTest.setup(RegisterFunctionalityTest.java:20)
at com.Pageobjects.RegisterFunctionalityTest.setup(RegisterFunctionalityTest.java:20)
at com.Pageobjects.RegisterFunctionalityTest.setup(RegisterFunctionalityTest.java:20)
at com.Pageobjects.RegisterFunctionalityTest.setup(RegisterFunctionalityTest.java:20)
at com.Pageobjects.RegisterFunctionalityTest.setup(RegisterFunctionalityTest.java:20)
at com.Pageobjects.RegisterFunctionalityTest.setup(RegisterFunctionalityTest.java:20)
at com.Pageobjects.RegisterFunctionalityTest.setup(RegisterFunctionalityTest.java:20)
at com.Pageobjects.RegisterFunctionalityTest.setup(RegisterFunctionalityTest.java:20)
at com.Pageobjects.RegisterFunctionalityTest.setup(RegisterFunctionalityTest.java:20)
at com.Pageobjects.RegisterFunctionalityTest.setup(RegisterFunctionalityTest.java:20)
at com.Pageobjects.RegisterFunctionalityTest.setup(RegisterFunctionalityTest.java:20)
at com.Pageobjects.RegisterFunctionalityTest.setup(RegisterFunctionalityTest.java:20)
at com.Pageobjects.RegisterFunctionalityTest.setup(RegisterFunctionalityTest.java:20)
at com.Pageobjects.RegisterFunctionalityTest.setup(RegisterFunctionalityTest.java:20)
at com.Pageobjects.RegisterFunctionalityTest.setup(RegisterFunctionalityTest.java:20)
at com.Pageobjects.RegisterFunctionalityTest.setup(RegisterFunctionalityTest.java:20)
at com.Pageobjects.RegisterFunctionalityTest.setup(RegisterFunctionalityTest.java:20)
at com.Pageobjects.RegisterFunctionalityTest.setup(RegisterFunctionalityTest.java:20)
at com.Pageobjects.RegisterFunctionalityTest.setup(RegisterFunctionalityTest.java:20)
at com.Pageobjects.RegisterFunctionalityTest.setup(RegisterFunctionalityTest.java:20)
at com.Pageobjects.RegisterFunctionalityTest.setup(RegisterFunctionalityTest.java:20)
at com.Pageobjects.RegisterFunctionalityTest.setup(RegisterFunctionalityTest.java:20)
at com.Pageobjects.RegisterFunctionalityTest.setup(RegisterFunctionalityTest.java:20)
at com.Pageobjects.RegisterFunctionalityTest.setup(RegisterFunctionalityTest.java:20)
at com.Pageobjects.RegisterFunctionalityTest.setup(RegisterFunctionalityTest.java:20)
at com.Pageobjects.RegisterFunctionalityTest.setup(RegisterFunctionalityTest.java:20)
at com.Pageobjects.RegisterFunctionalityTest.setup(RegisterFunctionalityTest.java:20)
at com.Pageobjects.RegisterFunctionalityTest.setup(RegisterFunctionalityTest.java:20)
at com.Pageobjects.RegisterFunctionalityTest.setup(RegisterFunctionalityTest.java:20)
at com.Pageobjects.RegisterFunctionalityTest.setup(RegisterFunctionalityTest.java:20)
at com.Pageobjects.RegisterFunctionalityTest.setup(RegisterFunctionalityTest.java:20)
at com.Pageobjects.RegisterFunctionalityTest.setup(RegisterFunctionalityTest.java:20)
at com.Pageobjects.RegisterFunctionalityTest.setup(RegisterFunctionalityTest.java:20)
at com.Pageobjects.RegisterFunctionalityTest.setup(RegisterFunctionalityTest.java:20)
at com.Pageobjects.RegisterFunctionalityTest.setup(RegisterFunctionalityTest.java:20)
at com.Pageobjects.RegisterFunctionalityTest.setup(RegisterFunctionalityTest.java:20)
at com.Pageobjects.RegisterFunctionalityTest.setup(RegisterFunctionalityTest.java:20)
at com.Pageobjects.RegisterFunctionalityTest.setup(RegisterFunctionalityTest.java:20)
at com.Pageobjects.RegisterFunctionalityTest.setup(RegisterFunctionalityTest.java:20)
at com.Pageobjects.RegisterFunctionalityTest.setup(RegisterFunctionalityTest.java:20)
at com.Pageobjects.RegisterFunctionalityTest.setup(RegisterFunctionalityTest.java:20)
at com.Pageobjects.RegisterFunctionalityTest.setup(RegisterFunctionalityTest.java:20)
at com.Pageobjects.RegisterFunctionalityTest.setup(RegisterFunctionalityTest.java:20)
at com.Pageobjects.RegisterFunctionalityTest.setup(RegisterFunctionalityTest.java:20)
at com.Pageobjects.RegisterFunctionalityTest.setup(RegisterFunctionalityTest.java:20)
at com.Pageobjects.RegisterFunctionalityTest.setup(RegisterFunctionalityTest.java:20)
at com.Pageobjects.RegisterFunctionalityTest.setup(RegisterFunctionalityTest.java:20)
at com.Pageobjects.RegisterFunctionalityTest.setup(RegisterFunctionalityTest.java:20)
at com.Pageobjects.RegisterFunctionalityTest.setup(RegisterFunctionalityTest.java:20)
at com.Pageobjects.RegisterFunctionalityTest.setup(RegisterFunctionalityTest.java:20)
at com.Pageobjects.RegisterFunctionalityTest.setup(RegisterFunctionalityTest.java:20)
at com.Pageobjects.RegisterFunctionalityTest.setup(RegisterFunctionalityTest.java:20)
at com.Pageobjects.RegisterFunctionalityTest.setup(RegisterFunctionalityTest.java:20)
at com.Pageobjects.RegisterFunctionalityTest.setup(RegisterFunctionalityTest.java:20)
at com.Pageobjects.RegisterFunctionalityTest.setup(RegisterFunctionalityTest.java:20)
at com.Pageobjects.RegisterFunctionalityTest.setup(RegisterFunctionalityTest.java:20)
at com.Pageobjects.RegisterFunctionalityTest.setup(RegisterFunctionalityTest.java:20)
at com.Pageobjects.RegisterFunctionalityTest.setup(RegisterFunctionalityTest.java:20)
at com.Pageobjects.RegisterFunctionalityTest.setup(RegisterFunctionalityTest.java:20)
at com.Pageobjects.RegisterFunctionalityTest.setup(RegisterFunctionalityTest.java:20)
at com.Pageobjects.RegisterFunctionalityTest.setup(RegisterFunctionalityTest.java:20)
at com.Pageobjects.RegisterFunctionalityTest.setup(RegisterFunctionalityTest.java:20)
at com.Pageobjects.RegisterFunctionalityTest.setup(RegisterFunctionalityTest.java:20)
at com.Pageobjects.RegisterFunctionalityTest.setup(RegisterFunctionalityTest.java:20)
at com.Pageobjects.RegisterFunctionalityTest.setup(RegisterFunctionalityTest.java:20)
at com.Pageobjects.RegisterFunctionalityTest.setup(RegisterFunctionalityTest.java:20)
at com.Pageobjects.RegisterFunctionalityTest.setup(RegisterFunctionalityTest.java:20)
at com.Pageobjects.RegisterFunctionalityTest.setup(RegisterFunctionalityTest.java:20)
at com.Pageobjects.RegisterFunctionalityTest.setup(RegisterFunctionalityTest.java:20)
at com.Pageobjects.RegisterFunctionalityTest.setup(RegisterFunctionalityTest.java:20)
at com.Pageobjects.RegisterFunctionalityTest.setup(RegisterFunctionalityTest.java:20)
at com.Pageobjects.RegisterFunctionalityTest.setup(RegisterFunctionalityTest.java:20)
at com.Pageobjects.RegisterFunctionalityTest.setup(RegisterFunctionalityTest.java:20)
at com.Pageobjects.RegisterFunctionalityTest.setup(RegisterFunctionalityTest.java:20)
at com.Pageobjects.RegisterFunctionalityTest.setup(RegisterFunctionalityTest.java:20)
at com.Pageobjects.RegisterFunctionalityTest.setup(RegisterFunctionalityTest.java:20)
at com.Pageobjects.RegisterFunctionalityTest.setup(RegisterFunctionalityTest.java:20)
at com.Pageobjects.RegisterFunctionalityTest.setup(RegisterFunctionalityTest.java:20)
at com.Pageobjects.RegisterFunctionalityTest.setup(RegisterFunctionalityTest.java:20)
at com.Pageobjects.RegisterFunctionalityTest.setup(RegisterFunctionalityTest.java:20)
at com.Pageobjects.RegisterFunctionalityTest.setup(RegisterFunctionalityTest.java:20)
at com.Pageobjects.RegisterFunctionalityTest.setup(RegisterFunctionalityTest.java:20)
at com.Pageobjects.RegisterFunctionalityTest.setup(RegisterFunctionalityTest.java:20)
at com.Pageobjects.RegisterFunctionalityTest.setup(RegisterFunctionalityTest.java:20)
at com.Pageobjects.RegisterFunctionalityTest.setup(RegisterFunctionalityTest.java:20)
at com.Pageobjects.RegisterFunctionalityTest.setup(RegisterFunctionalityTest.java:20)
at com.Pageobjects.RegisterFunctionalityTest.setup(RegisterFunctionalityTest.java:20)
at com.Pageobjects.RegisterFunctionalityTest.setup(RegisterFunctionalityTest.java:20)
at com.Pageobjects.RegisterFunctionalityTest.setup(RegisterFunctionalityTest.java:20)
at com.Pageobjects.RegisterFunctionalityTest.setup(RegisterFunctionalityTest.java:20)
at com.Pageobjects.RegisterFunctionalityTest.setup(RegisterFunctionalityTest.java:20)
at com.Pageobjects.RegisterFunctionalityTest.setup(RegisterFunctionalityTest.java:20)
at com.Pageobjects.RegisterFunctionalityTest.setup(RegisterFunctionalityTest.java:20)
at com.Pageobjects.RegisterFunctionalityTest.setup(RegisterFunctionalityTest.java:20)
at com.Pageobjects.RegisterFunctionalityTest.setup(RegisterFunctionalityTest.java:20)
at com.Pageobjects.RegisterFunctionalityTest.setup(RegisterFunctionalityTest.java:20)
at com.Pageobjects.RegisterFunctionalityTest.setup(RegisterFunctionalityTest.java:20)
at com.Pageobjects.RegisterFunctionalityTest.setup(RegisterFunctionalityTest.java:20)
at com.Pageobjects.RegisterFunctionalityTest.setup(RegisterFunctionalityTest.java:20)
at com.Pageobjects.RegisterFunctionalityTest.setup(RegisterFunctionalityTest.java:20)
at com.Pageobjects.RegisterFunctionalityTest.setup(RegisterFunctionalityTest.java:20)
at com.Pageobjects.RegisterFunctionalityTest.setup(RegisterFunctionalityTest.java:20)
at com.Pageobjects.RegisterFunctionalityTest.setup(RegisterFunctionalityTest.java:20)
at com.Pageobjects.RegisterFunctionalityTest.setup(RegisterFunctionalityTest.java:20)
at com.Pageobjects.RegisterFunctionalityTest.setup(RegisterFunctionalityTest.java:20)
at com.Pageobjects.RegisterFunctionalityTest.setup(RegisterFunctionalityTest.java:20)
at com.Pageobjects.RegisterFunctionalityTest.setup(RegisterFunctionalityTest.java:20)
at com.Pageobjects.RegisterFunctionalityTest.setup(RegisterFunctionalityTest.java:20)
at com.Pageobjects.RegisterFunctionalityTest.setup(RegisterFunctionalityTest.java:20)
at com.Pageobjects.RegisterFunctionalityTest.setup(RegisterFunctionalityTest.java:20)
at com.Pageobjects.RegisterFunctionalityTest.setup(RegisterFunctionalityTest.java:20)
at com.Pageobjects.RegisterFunctionalityTest.setup(RegisterFunctionalityTest.java:20)
at com.Pageobjects.RegisterFunctionalityTest.setup(RegisterFunctionalityTest.java:20)
at com.Pageobjects.RegisterFunctionalityTest.setup(RegisterFunctionalityTest.java:20)
at com.Pageobjects.RegisterFunctionalityTest.setup(RegisterFunctionalityTest.java:20)
at com.Pageobjects.RegisterFunctionalityTest.setup(RegisterFunctionalityTest.java:20)
at com.Pageobjects.RegisterFunctionalityTest.setup(RegisterFunctionalityTest.java:20)
at com.Pageobjects.RegisterFunctionalityTest.setup(RegisterFunctionalityTest.java:20)
at com.Pageobjects.RegisterFunctionalityTest.setup(RegisterFunctionalityTest.java:20)
at com.Pageobjects.RegisterFunctionalityTest.setup(RegisterFunctionalityTest.java:20)
at com.Pageobjects.RegisterFunctionalityTest.setup(RegisterFunctionalityTest.java:20)
at com.Pageobjects.RegisterFunctionalityTest.setup(RegisterFunctionalityTest.java:20)
at com.Pageobjects.RegisterFunctionalityTest.setup(RegisterFunctionalityTest.java:20)
at com.Pageobjects.RegisterFunctionalityTest.setup(RegisterFunctionalityTest.java:20)
at com.Pageobjects.RegisterFunctionalityTest.setup(RegisterFunctionalityTest.java:20)
at com.Pageobjects.RegisterFunctionalityTest.setup(RegisterFunctionalityTest.java:20)
at com.Pageobjects.RegisterFunctionalityTest.setup(RegisterFunctionalityTest.java:20)
at com.Pageobjects.RegisterFunctionalityTest.setup(RegisterFunctionalityTest.java:20)
at com.Pageobjects.RegisterFunctionalityTest.setup(RegisterFunctionalityTest.java:20)
at com.Pageobjects.RegisterFunctionalityTest.setup(RegisterFunctionalityTest.java:20)
at com.Pageobjects.RegisterFunctionalityTest.setup(RegisterFunctionalityTest.java:20)
at com.Pageobjects.RegisterFunctionalityTest.setup(RegisterFunctionalityTest.java:20)
at com.Pageobjects.RegisterFunctionalityTest.setup(RegisterFunctionalityTest.java:20)
at com.Pageobjects.RegisterFunctionalityTest.setup(RegisterFunctionalityTest.java:20)
at com.Pageobjects.RegisterFunctionalityTest.setup(RegisterFunctionalityTest.java:20)
at com.Pageobjects.RegisterFunctionalityTest.setup(RegisterFunctionalityTest.java:20)
at com.Pageobjects.RegisterFunctionalityTest.setup(RegisterFunctionalityTest.java:20)
at com.Pageobjects.RegisterFunctionalityTest.setup(RegisterFunctionalityTest.java:20)
at com.Pageobjects.RegisterFunctionalityTest.setup(RegisterFunctionalityTest.java:20)
at com.Pageobjects.RegisterFunctionalityTest.setup(RegisterFunctionalityTest.java:20)
at com.Pageobjects.RegisterFunctionalityTest.setup(RegisterFunctionalityTest.java:20)
at com.Pageobjects.RegisterFunctionalityTest.setup(RegisterFunctionalityTest.java:20)
at com.Pageobjects.RegisterFunctionalityTest.setup(RegisterFunctionalityTest.java:20)
at com.Pageobjects.RegisterFunctionalityTest.setup(RegisterFunctionalityTest.java:20)
at com.Pageobjects.RegisterFunctionalityTest.setup(RegisterFunctionalityTest.java:20)
at com.Pageobjects.RegisterFunctionalityTest.setup(RegisterFunctionalityTest.java:20)
at com.Pageobjects.RegisterFunctionalityTest.setup(RegisterFunctionalityTest.java:20)
at com.Pageobjects.RegisterFunctionalityTest.setup(RegisterFunctionalityTest.java:20)
at com.Pageobjects.RegisterFunctionalityTest.setup(RegisterFunctionalityTest.java:20)
at com.Pageobjects.RegisterFunctionalityTest.setup(RegisterFunctionalityTest.java:20)
at com.Pageobjects.RegisterFunctionalityTest.setup(RegisterFunctionalityTest.java:20)
at com.Pageobjects.RegisterFunctionalityTest.setup(RegisterFunctionalityTest.java:20)
at com.Pageobjects.RegisterFunctionalityTest.setup(RegisterFunctionalityTest.java:20)
at com.Pageobjects.RegisterFunctionalityTest.setup(RegisterFunctionalityTest.java:20)
at com.Pageobjects.RegisterFunctionalityTest.setup(RegisterFunctionalityTest.java:20)
at com.Pageobjects.RegisterFunctionalityTest.setup(RegisterFunctionalityTest.java:20)
at com.Pageobjects.RegisterFunctionalityTest.setup(RegisterFunctionalityTest.java:20)
at com.Pageobjects.RegisterFunctionalityTest.setup(RegisterFunctionalityTest.java:20)
at com.Pageobjects.RegisterFunctionalityTest.setup(RegisterFunctionalityTest.java:20)
at com.Pageobjects.RegisterFunctionalityTest.setup(RegisterFunctionalityTest.java:20)
at com.Pageobjects.RegisterFunctionalityTest.setup(RegisterFunctionalityTest.java:20)
at com.Pageobjects.RegisterFunctionalityTest.setup(RegisterFunctionalityTest.java:20)
at com.Pageobjects.RegisterFunctionalityTest.setup(RegisterFunctionalityTest.java:20)
at com.Pageobjects.RegisterFunctionalityTest.setup(RegisterFunctionalityTest.java:20)
at com.Pageobjects.RegisterFunctionalityTest.setup(RegisterFunctionalityTest.java:20)
at com.Pageobjects.RegisterFunctionalityTest.setup(RegisterFunctionalityTest.java:20)
at com.Pageobjects.RegisterFunctionalityTest.setup(RegisterFunctionalityTest.java:20)
at com.Pageobjects.RegisterFunctionalityTest.setup(RegisterFunctionalityTest.java:20)
at com.Pageobjects.RegisterFunctionalityTest.setup(RegisterFunctionalityTest.java:20)
at com.Pageobjects.RegisterFunctionalityTest.setup(RegisterFunctionalityTest.java:20)
at com.Pageobjects.RegisterFunctionalityTest.setup(RegisterFunctionalityTest.java:20)
at com.Pageobjects.RegisterFunctionalityTest.setup(RegisterFunctionalityTest.java:20)
at com.Pageobjects.RegisterFunctionalityTest.setup(RegisterFunctionalityTest.java:20)
at com.Pageobjects.RegisterFunctionalityTest.setup(RegisterFunctionalityTest.java:20)
at com.Pageobjects.RegisterFunctionalityTest.setup(RegisterFunctionalityTest.java:20)
at com.Pageobjects.RegisterFunctionalityTest.setup(RegisterFunctionalityTest.java:20)
at com.Pageobjects.RegisterFunctionalityTest.setup(RegisterFunctionalityTest.java:20)
at com.Pageobjects.RegisterFunctionalityTest.setup(RegisterFunctionalityTest.java:20)
at com.Pageobjects.RegisterFunctionalityTest.setup(RegisterFunctionalityTest.java:20)
at com.Pageobjects.RegisterFunctionalityTest.setup(RegisterFunctionalityTest.java:20)
at com.Pageobjects.RegisterFunctionalityTest.setup(RegisterFunctionalityTest.java:20)
at com.Pageobjects.RegisterFunctionalityTest.setup(RegisterFunctionalityTest.java:20)
at com.Pageobjects.RegisterFunctionalityTest.setup(RegisterFunctionalityTest.java:20)
at com.Pageobjects.RegisterFunctionalityTest.setup(RegisterFunctionalityTest.java:20)
at com.Pageobjects.RegisterFunctionalityTest.setup(RegisterFunctionalityTest.java:20)
at com.Pageobjects.RegisterFunctionalityTest.setup(RegisterFunctionalityTest.java:20)
at com.Pageobjects.RegisterFunctionalityTest.setup(RegisterFunctionalityTest.java:20)
at com.Pageobjects.RegisterFunctionalityTest.setup(RegisterFunctionalityTest.java:20)
at com.Pageobjects.RegisterFunctionalityTest.setup(RegisterFunctionalityTest.java:20)
at com.Pageobjects.RegisterFunctionalityTest.setup(RegisterFunctionalityTest.java:20)
at com.Pageobjects.RegisterFunctionalityTest.setup(RegisterFunctionalityTest.java:20)
at com.Pageobjects.RegisterFunctionalityTest.setup(RegisterFunctionalityTest.java:20)
at com.Pageobjects.RegisterFunctionalityTest.setup(RegisterFunctionalityTest.java:20)
at com.Pageobjects.RegisterFunctionalityTest.setup(RegisterFunctionalityTest.java:20)
at com.Pageobjects.RegisterFunctionalityTest.setup(RegisterFunctionalityTest.java:20)
at com.Pageobjects.RegisterFunctionalityTest.setup(RegisterFunctionalityTest.java:20)
at com.Pageobjects.RegisterFunctionalityTest.setup(RegisterFunctionalityTest.java:20)
at com.Pageobjects.RegisterFunctionalityTest.setup(RegisterFunctionalityTest.java:20)
at com.Pageobjects.RegisterFunctionalityTest.setup(RegisterFunctionalityTest.java:20)
at com.Pageobjects.RegisterFunctionalityTest.setup(RegisterFunctionalityTest.java:20)
at com.Pageobjects.RegisterFunctionalityTest.setup(RegisterFunctionalityTest.java:20)
at com.Pageobjects.RegisterFunctionalityTest.setup(RegisterFunctionalityTest.java:20)
at com.Pageobjects.RegisterFunctionalityTest.setup(RegisterFunctionalityTest.java:20)
at com.Pageobjects.RegisterFunctionalityTest.setup(RegisterFunctionalityTest.java:20)
at com.Pageobjects.RegisterFunctionalityTest.setup(RegisterFunctionalityTest.java:20)
at com.Pageobjects.RegisterFunctionalityTest.setup(RegisterFunctionalityTest.java:20)
at com.Pageobjects.RegisterFunctionalityTest.setup(RegisterFunctionalityTest.java:20)
at com.Pageobjects.RegisterFunctionalityTest.setup(RegisterFunctionalityTest.java:20)
at com.Pageobjects.RegisterFunctionalityTest.setup(RegisterFunctionalityTest.java:20)
at com.Pageobjects.RegisterFunctionalityTest.setup(RegisterFunctionalityTest.java:20)
at com.Pageobjects.RegisterFunctionalityTest.setup(RegisterFunctionalityTest.java:20)
at com.Pageobjects.RegisterFunctionalityTest.setup(RegisterFunctionalityTest.java:20)
at com.Pageobjects.RegisterFunctionalityTest.setup(RegisterFunctionalityTest.java:20)
at com.Pageobjects.RegisterFunctionalityTest.setup(RegisterFunctionalityTest.java:20)
at com.Pageobjects.RegisterFunctionalityTest.setup(RegisterFunctionalityTest.java:20)
at com.Pageobjects.RegisterFunctionalityTest.setup(RegisterFunctionalityTest.java:20)
at com.Pageobjects.RegisterFunctionalityTest.setup(RegisterFunctionalityTest.java:20)
at com.Pageobjects.RegisterFunctionalityTest.setup(RegisterFunctionalityTest.java:20)
at com.Pageobjects.RegisterFunctionalityTest.setup(RegisterFunctionalityTest.java:20)
at com.Pageobjects.RegisterFunctionalityTest.setup(RegisterFunctionalityTest.java:20)
at com.Pageobjects.RegisterFunctionalityTest.setup(RegisterFunctionalityTest.java:20)
at com.Pageobjects.RegisterFunctionalityTest.setup(RegisterFunctionalityTest.java:20)
at com.Pageobjects.RegisterFunctionalityTest.setup(RegisterFunctionalityTest.java:20)
at com.Pageobjects.RegisterFunctionalityTest.setup(RegisterFunctionalityTest.java:20)
at com.Pageobjects.RegisterFunctionalityTest.setup(RegisterFunctionalityTest.java:20)
at com.Pageobjects.RegisterFunctionalityTest.setup(RegisterFunctionalityTest.java:20)
at com.Pageobjects.RegisterFunctionalityTest.setup(RegisterFunctionalityTest.java:20)
at com.Pageobjects.RegisterFunctionalityTest.setup(RegisterFunctionalityTest.java:20)
at com.Pageobjects.RegisterFunctionalityTest.setup(RegisterFunctionalityTest.java:20)
at com.Pageobjects.RegisterFunctionalityTest.setup(RegisterFunctionalityTest.java:20)
at com.Pageobjects.RegisterFunctionalityTest.setup(RegisterFunctionalityTest.java:20)
at com.Pageobjects.RegisterFunctionalityTest.setup(RegisterFunctionalityTest.java:20)
at com.Pageobjects.RegisterFunctionalityTest.setup(RegisterFunctionalityTest.java:20)
at com.Pageobjects.RegisterFunctionalityTest.setup(RegisterFunctionalityTest.java:20)
at com.Pageobjects.RegisterFunctionalityTest.setup(RegisterFunctionalityTest.java:20)
at com.Pageobjects.RegisterFunctionalityTest.setup(RegisterFunctionalityTest.java:20)
at com.Pageobjects.RegisterFunctionalityTest.setup(RegisterFunctionalityTest.java:20)
at com.Pageobjects.RegisterFunctionalityTest.setup(RegisterFunctionalityTest.java:20)
at com.Pageobjects.RegisterFunctionalityTest.setup(RegisterFunctionalityTest.java:20)
at com.Pageobjects.RegisterFunctionalityTest.setup(RegisterFunctionalityTest.java:20)
at com.Pageobjects.RegisterFunctionalityTest.setup(RegisterFunctionalityTest.java:20)
at com.Pageobjects.RegisterFunctionalityTest.setup(RegisterFunctionalityTest.java:20)
at com.Pageobjects.RegisterFunctionalityTest.setup(RegisterFunctionalityTest.java:20)
at com.Pageobjects.RegisterFunctionalityTest.setup(RegisterFunctionalityTest.java:20)
at com.Pageobjects.RegisterFunctionalityTest.setup(RegisterFunctionalityTest.java:20)
at com.Pageobjects.RegisterFunctionalityTest.setup(RegisterFunctionalityTest.java:20)
at com.Pageobjects.RegisterFunctionalityTest.setup(RegisterFunctionalityTest.java:20)
at com.Pageobjects.RegisterFunctionalityTest.setup(RegisterFunctionalityTest.java:20)
at com.Pageobjects.RegisterFunctionalityTest.setup(RegisterFunctionalityTest.java:20)
at com.Pageobjects.RegisterFunctionalityTest.setup(RegisterFunctionalityTest.java:20)
at com.Pageobjects.RegisterFunctionalityTest.setup(RegisterFunctionalityTest.java:20)
at com.Pageobjects.RegisterFunctionalityTest.setup(RegisterFunctionalityTest.java:20)
at com.Pageobjects.RegisterFunctionalityTest.setup(RegisterFunctionalityTest.java:20)
at com.Pageobjects.RegisterFunctionalityTest.setup(RegisterFunctionalityTest.java:20)
at com.Pageobjects.RegisterFunctionalityTest.setup(RegisterFunctionalityTest.java:20)
at com.Pageobjects.RegisterFunctionalityTest.setup(RegisterFunctionalityTest.java:20)
at com.Pageobjects.RegisterFunctionalityTest.setup(RegisterFunctionalityTest.java:20)
at com.Pageobjects.RegisterFunctionalityTest.setup(RegisterFunctionalityTest.java:20)
at com.Pageobjects.RegisterFunctionalityTest.setup(RegisterFunctionalityTest.java:20)
at com.Pageobjects.RegisterFunctionalityTest.setup(RegisterFunctionalityTest.java:20)
at com.Pageobjects.RegisterFunctionalityTest.setup(RegisterFunctionalityTest.java:20)
at com.Pageobjects.RegisterFunctionalityTest.setup(RegisterFunctionalityTest.java:20)
at com.Pageobjects.RegisterFunctionalityTest.setup(RegisterFunctionalityTest.java:20)
at com.Pageobjects.RegisterFunctionalityTest.setup(RegisterFunctionalityTest.java:20)
at com.Pageobjects.RegisterFunctionalityTest.setup(RegisterFunctionalityTest.java:20)
at com.Pageobjects.RegisterFunctionalityTest.setup(RegisterFunctionalityTest.java:20)
at com.Pageobjects.RegisterFunctionalityTest.setup(RegisterFunctionalityTest.java:20)
at com.Pageobjects.RegisterFunctionalityTest.setup(RegisterFunctionalityTest.java:20)
at com.Pageobjects.RegisterFunctionalityTest.setup(RegisterFunctionalityTest.java:20)
at com.Pageobjects.RegisterFunctionalityTest.setup(RegisterFunctionalityTest.java:20)
at com.Pageobjects.RegisterFunctionalityTest.setup(RegisterFunctionalityTest.java:20)
at com.Pageobjects.RegisterFunctionalityTest.setup(RegisterFunctionalityTest.java:20)
at com.Pageobjects.RegisterFunctionalityTest.setup(RegisterFunctionalityTest.java:20)
at com.Pageobjects.RegisterFunctionalityTest.setup(RegisterFunctionalityTest.java:20)
at com.Pageobjects.RegisterFunctionalityTest.setup(RegisterFunctionalityTest.java:20)
at com.Pageobjects.RegisterFunctionalityTest.setup(RegisterFunctionalityTest.java:20)
at com.Pageobjects.RegisterFunctionalityTest.setup(RegisterFunctionalityTest.java:20)
at com.Pageobjects.RegisterFunctionalityTest.setup(RegisterFunctionalityTest.java:20)
at com.Pageobjects.RegisterFunctionalityTest.setup(RegisterFunctionalityTest.java:20)
at com.Pageobjects.RegisterFunctionalityTest.setup(RegisterFunctionalityTest.java:20)
at com.Pageobjects.RegisterFunctionalityTest.setup(RegisterFunctionalityTest.java:20)
at com.Pageobjects.RegisterFunctionalityTest.setup(RegisterFunctionalityTest.java:20)
at com.Pageobjects.RegisterFunctionalityTest.setup(RegisterFunctionalityTest.java:20)
at com.Pageobjects.RegisterFunctionalityTest.setup(RegisterFunctionalityTest.java:20)
at com.Pageobjects.RegisterFunctionalityTest.setup(RegisterFunctionalityTest.java:20)
at com.Pageobjects.RegisterFunctionalityTest.setup(RegisterFunctionalityTest.java:20)
at com.Pageobjects.RegisterFunctionalityTest.setup(RegisterFunctionalityTest.java:20)
at com.Pageobjects.RegisterFunctionalityTest.setup(RegisterFunctionalityTest.java:20)
at com.Pageobjects.RegisterFunctionalityTest.setup(RegisterFunctionalityTest.java:20)
at com.Pageobjects.RegisterFunctionalityTest.setup(RegisterFunctionalityTest.java:20)
at com.Pageobjects.RegisterFunctionalityTest.setup(RegisterFunctionalityTest.java:20)
at com.Pageobjects.RegisterFunctionalityTest.setup(RegisterFunctionalityTest.java:20)
at com.Pageobjects.RegisterFunctionalityTest.setup(RegisterFunctionalityTest.java:20)
at com.Pageobjects.RegisterFunctionalityTest.setup(RegisterFunctionalityTest.java:20)
at com.Pageobjects.RegisterFunctionalityTest.setup(RegisterFunctionalityTest.java:20)
at com.Pageobjects.RegisterFunctionalityTest.setup(RegisterFunctionalityTest.java:20)
at com.Pageobjects.RegisterFunctionalityTest.setup(RegisterFunctionalityTest.java:20)
at com.Pageobjects.RegisterFunctionalityTest.setup(RegisterFunctionalityTest.java:20)
at com.Pageobjects.RegisterFunctionalityTest.setup(RegisterFunctionalityTest.java:20)
at com.Pageobjects.RegisterFunctionalityTest.setup(RegisterFunctionalityTest.java:20)
at com.Pageobjects.RegisterFunctionalityTest.setup(RegisterFunctionalityTest.java:20)
at com.Pageobjects.RegisterFunctionalityTest.setup(RegisterFunctionalityTest.java:20)
at com.Pageobjects.RegisterFunctionalityTest.setup(RegisterFunctionalityTest.java:20)
at com.Pageobjects.RegisterFunctionalityTest.setup(RegisterFunctionalityTest.java:20)
at com.Pageobjects.RegisterFunctionalityTest.setup(RegisterFunctionalityTest.java:20)
at com.Pageobjects.RegisterFunctionalityTest.setup(RegisterFunctionalityTest.java:20)
at com.Pageobjects.RegisterFunctionalityTest.setup(RegisterFunctionalityTest.java:20)
at com.Pageobjects.RegisterFunctionalityTest.setup(RegisterFunctionalityTest.java:20)
at com.Pageobjects.RegisterFunctionalityTest.setup(RegisterFunctionalityTest.java:20)
at com.Pageobjects.RegisterFunctionalityTest.setup(RegisterFunctionalityTest.java:20)
at com.Pageobjects.RegisterFunctionalityTest.setup(RegisterFunctionalityTest.java:20)
at com.Pageobjects.RegisterFunctionalityTest.setup(RegisterFunctionalityTest.java:20)
at com.Pageobjects.RegisterFunctionalityTest.setup(RegisterFunctionalityTest.java:20)
at com.Pageobjects.RegisterFunctionalityTest.setup(RegisterFunctionalityTest.java:20)
at com.Pageobjects.RegisterFunctionalityTest.setup(RegisterFunctionalityTest.java:20)
at com.Pageobjects.RegisterFunctionalityTest.setup(RegisterFunctionalityTest.java:20)
at com.Pageobjects.RegisterFunctionalityTest.setup(RegisterFunctionalityTest.java:20)
at com.Pageobjects.RegisterFunctionalityTest.setup(RegisterFunctionalityTest.java:20)
at com.Pageobjects.RegisterFunctionalityTest.setup(RegisterFunctionalityTest.java:20)
at com.Pageobjects.RegisterFunctionalityTest.setup(RegisterFunctionalityTest.java:20)
at com.Pageobjects.RegisterFunctionalityTest.setup(RegisterFunctionalityTest.java:20)
at com.Pageobjects.RegisterFunctionalityTest.setup(RegisterFunctionalityTest.java:20)
at com.Pageobjects.RegisterFunctionalityTest.setup(RegisterFunctionalityTest.java:20)
at com.Pageobjects.RegisterFunctionalityTest.setup(RegisterFunctionalityTest.java:20)
at com.Pageobjects.RegisterFunctionalityTest.setup(RegisterFunctionalityTest.java:20)
at com.Pageobjects.RegisterFunctionalityTest.setup(RegisterFunctionalityTest.java:20)
at com.Pageobjects.RegisterFunctionalityTest.setup(RegisterFunctionalityTest.java:20)
at com.Pageobjects.RegisterFunctionalityTest.setup(RegisterFunctionalityTest.java:20)
at com.Pageobjects.RegisterFunctionalityTest.setup(RegisterFunctionalityTest.java:20)
at com.Pageobjects.RegisterFunctionalityTest.setup(RegisterFunctionalityTest.java:20)
at com.Pageobjects.RegisterFunctionalityTest.setup(RegisterFunctionalityTest.java:20)
at com.Pageobjects.RegisterFunctionalityTest.setup(RegisterFunctionalityTest.java:20)
at com.Pageobjects.RegisterFunctionalityTest.setup(RegisterFunctionalityTest.java:20)
at com.Pageobjects.RegisterFunctionalityTest.setup(RegisterFunctionalityTest.java:20)
at com.Pageobjects.RegisterFunctionalityTest.setup(RegisterFunctionalityTest.java:20)
at com.Pageobjects.RegisterFunctionalityTest.setup(RegisterFunctionalityTest.java:20)
at com.Pageobjects.RegisterFunctionalityTest.setup(RegisterFunctionalityTest.java:20)
at com.Pageobjects.RegisterFunctionalityTest.setup(RegisterFunctionalityTest.java:20)
at com.Pageobjects.RegisterFunctionalityTest.setup(RegisterFunctionalityTest.java:20)
at com.Pageobjects.RegisterFunctionalityTest.setup(RegisterFunctionalityTest.java:20)
at com.Pageobjects.RegisterFunctionalityTest.setup(RegisterFunctionalityTest.java:20)
at com.Pageobjects.RegisterFunctionalityTest.setup(RegisterFunctionalityTest.java:20)
at com.Pageobjects.RegisterFunctionalityTest.setup(RegisterFunctionalityTest.java:20)
at com.Pageobjects.RegisterFunctionalityTest.setup(RegisterFunctionalityTest.java:20)
at com.Pageobjects.RegisterFunctionalityTest.setup(RegisterFunctionalityTest.java:20)
at com.Pageobjects.RegisterFunctionalityTest.setup(RegisterFunctionalityTest.java:20)
at com.Pageobjects.RegisterFunctionalityTest.setup(RegisterFunctionalityTest.java:20)
at com.Pageobjects.RegisterFunctionalityTest.setup(RegisterFunctionalityTest.java:20)
at com.Pageobjects.RegisterFunctionalityTest.setup(RegisterFunctionalityTest.java:20)
at com.Pageobjects.RegisterFunctionalityTest.setup(RegisterFunctionalityTest.java:20)
at com.Pageobjects.RegisterFunctionalityTest.setup(RegisterFunctionalityTest.java:20)
at com.Pageobjects.RegisterFunctionalityTest.setup(RegisterFunctionalityTest.java:20)
at com.Pageobjects.RegisterFunctionalityTest.setup(RegisterFunctionalityTest.java:20)
at com.Pageobjects.RegisterFunctionalityTest.setup(RegisterFunctionalityTest.java:20)
at com.Pageobjects.RegisterFunctionalityTest.setup(RegisterFunctionalityTest.java:20)
at com.Pageobjects.RegisterFunctionalityTest.setup(RegisterFunctionalityTest.java:20)
at com.Pageobjects.RegisterFunctionalityTest.setup(RegisterFunctionalityTest.java:20)
at com.Pageobjects.RegisterFunctionalityTest.setup(RegisterFunctionalityTest.java:20)
at com.Pageobjects.RegisterFunctionalityTest.setup(RegisterFunctionalityTest.java:20)
at com.Pageobjects.RegisterFunctionalityTest.setup(RegisterFunctionalityTest.java:20)
at com.Pageobjects.RegisterFunctionalityTest.setup(RegisterFunctionalityTest.java:20)
at com.Pageobjects.RegisterFunctionalityTest.setup(RegisterFunctionalityTest.java:20)
at com.Pageobjects.RegisterFunctionalityTest.setup(RegisterFunctionalityTest.java:20)
at com.Pageobjects.RegisterFunctionalityTest.setup(RegisterFunctionalityTest.java:20)
at com.Pageobjects.RegisterFunctionalityTest.setup(RegisterFunctionalityTest.java:20)
at com.Pageobjects.RegisterFunctionalityTest.setup(RegisterFunctionalityTest.java:20)
at com.Pageobjects.RegisterFunctionalityTest.setup(RegisterFunctionalityTest.java:20)
at com.Pageobjects.RegisterFunctionalityTest.setup(RegisterFunctionalityTest.java:20)
at com.Pageobjects.RegisterFunctionalityTest.setup(RegisterFunctionalityTest.java:20)
at com.Pageobjects.RegisterFunctionalityTest.setup(RegisterFunctionalityTest.java:20)
at com.Pageobjects.RegisterFunctionalityTest.setup(RegisterFunctionalityTest.java:20)
at com.Pageobjects.RegisterFunctionalityTest.setup(RegisterFunctionalityTest.java:20)
at com.Pageobjects.RegisterFunctionalityTest.setup(RegisterFunctionalityTest.java:20)
at com.Pageobjects.RegisterFunctionalityTest.setup(RegisterFunctionalityTest.java:20)
at com.Pageobjects.RegisterFunctionalityTest.setup(RegisterFunctionalityTest.java:20)
at com.Pageobjects.RegisterFunctionalityTest.setup(RegisterFunctionalityTest.java:20)
at com.Pageobjects.RegisterFunctionalityTest.setup(RegisterFunctionalityTest.java:20)
at com.Pageobjects.RegisterFunctionalityTest.setup(RegisterFunctionalityTest.java:20)
at com.Pageobjects.RegisterFunctionalityTest.setup(RegisterFunctionalityTest.java:20)
at com.Pageobjects.RegisterFunctionalityTest.setup(RegisterFunctionalityTest.java:20)
at com.Pageobjects.RegisterFunctionalityTest.setup(RegisterFunctionalityTest.java:20)
at com.Pageobjects.RegisterFunctionalityTest.setup(RegisterFunctionalityTest.java:20)
at com.Pageobjects.RegisterFunctionalityTest.setup(RegisterFunctionalityTest.java:20)
at com.Pageobjects.RegisterFunctionalityTest.setup(RegisterFunctionalityTest.java:20)
at com.Pageobjects.RegisterFunctionalityTest.setup(RegisterFunctionalityTest.java:20)
at com.Pageobjects.RegisterFunctionalityTest.setup(RegisterFunctionalityTest.java:20)
at com.Pageobjects.RegisterFunctionalityTest.setup(RegisterFunctionalityTest.java:20)
at com.Pageobjects.RegisterFunctionalityTest.setup(RegisterFunctionalityTest.java:20)
at com.Pageobjects.RegisterFunctionalityTest.setup(RegisterFunctionalityTest.java:20)
at com.Pageobjects.RegisterFunctionalityTest.setup(RegisterFunctionalityTest.java:20)
at com.Pageobjects.RegisterFunctionalityTest.setup(RegisterFunctionalityTest.java:20)
at com.Pageobjects.RegisterFunctionalityTest.setup(RegisterFunctionalityTest.java:20)
at com.Pageobjects.RegisterFunctionalityTest.setup(RegisterFunctionalityTest.java:20)
at com.Pageobjects.RegisterFunctionalityTest.setup(RegisterFunctionalityTest.java:20)
at com.Pageobjects.RegisterFunctionalityTest.setup(RegisterFunctionalityTest.java:20)
at com.Pageobjects.RegisterFunctionalityTest.setup(RegisterFunctionalityTest.java:20)
at com.Pageobjects.RegisterFunctionalityTest.setup(RegisterFunctionalityTest.java:20)
at com.Pageobjects.RegisterFunctionalityTest.setup(RegisterFunctionalityTest.java:20)
at com.Pageobjects.RegisterFunctionalityTest.setup(RegisterFunctionalityTest.java:20)
at com.Pageobjects.RegisterFunctionalityTest.setup(RegisterFunctionalityTest.java:20)
at com.Pageobjects.RegisterFunctionalityTest.setup(RegisterFunctionalityTest.java:20)
at com.Pageobjects.RegisterFunctionalityTest.setup(RegisterFunctionalityTest.java:20)
at com.Pageobjects.RegisterFunctionalityTest.setup(RegisterFunctionalityTest.java:20)
at com.Pageobjects.RegisterFunctionalityTest.setup(RegisterFunctionalityTest.java:20)
at com.Pageobjects.RegisterFunctionalityTest.setup(RegisterFunctionalityTest.java:20)
at com.Pageobjects.RegisterFunctionalityTest.setup(RegisterFunctionalityTest.java:20)
at com.Pageobjects.RegisterFunctionalityTest.setup(RegisterFunctionalityTest.java:20)
at com.Pageobjects.RegisterFunctionalityTest.setup(RegisterFunctionalityTest.java:20)
at com.Pageobjects.RegisterFunctionalityTest.setup(RegisterFunctionalityTest.java:20)
at com.Pageobjects.RegisterFunctionalityTest.setup(RegisterFunctionalityTest.java:20)
at com.Pageobjects.RegisterFunctionalityTest.setup(RegisterFunctionalityTest.java:20)
at com.Pageobjects.RegisterFunctionalityTest.setup(RegisterFunctionalityTest.java:20)
at com.Pageobjects.RegisterFunctionalityTest.setup(RegisterFunctionalityTest.java:20)
at com.Pageobjects.RegisterFunctionalityTest.setup(RegisterFunctionalityTest.java:20)
at com.Pageobjects.RegisterFunctionalityTest.setup(RegisterFunctionalityTest.java:20)
at com.Pageobjects.RegisterFunctionalityTest.setup(RegisterFunctionalityTest.java:20)
at com.Pageobjects.RegisterFunctionalityTest.setup(RegisterFunctionalityTest.java:20)
at com.Pageobjects.RegisterFunctionalityTest.setup(RegisterFunctionalityTest.java:20)
at com.Pageobjects.RegisterFunctionalityTest.setup(RegisterFunctionalityTest.java:20)
at com.Pageobjects.RegisterFunctionalityTest.setup(RegisterFunctionalityTest.java:20)
at com.Pageobjects.RegisterFunctionalityTest.setup(RegisterFunctionalityTest.java:20)
at com.Pageobjects.RegisterFunctionalityTest.setup(RegisterFunctionalityTest.java:20)
at com.Pageobjects.RegisterFunctionalityTest.setup(RegisterFunctionalityTest.java:20)
at com.Pageobjects.RegisterFunctionalityTest.setup(RegisterFunctionalityTest.java:20)
at com.Pageobjects.RegisterFunctionalityTest.setup(RegisterFunctionalityTest.java:20)
at com.Pageobjects.RegisterFunctionalityTest.setup(RegisterFunctionalityTest.java:20)
at com.Pageobjects.RegisterFunctionalityTest.setup(RegisterFunctionalityTest.java:20)
at com.Pageobjects.RegisterFunctionalityTest.setup(RegisterFunctionalityTest.java:20)
at com.Pageobjects.RegisterFunctionalityTest.setup(RegisterFunctionalityTest.java:20)
at com.Pageobjects.RegisterFunctionalityTest.setup(RegisterFunctionalityTest.java:20)
at com.Pageobjects.RegisterFunctionalityTest.setup(RegisterFunctionalityTest.java:20)
at com.Pageobjects.RegisterFunctionalityTest.setup(RegisterFunctionalityTest.java:20)
at com.Pageobjects.RegisterFunctionalityTest.setup(RegisterFunctionalityTest.java:20)
at com.Pageobjects.RegisterFunctionalityTest.setup(RegisterFunctionalityTest.java:20)
at com.Pageobjects.RegisterFunctionalityTest.setup(RegisterFunctionalityTest.java:20)
at com.Pageobjects.RegisterFunctionalityTest.setup(RegisterFunctionalityTest.java:20)
at com.Pageobjects.RegisterFunctionalityTest.setup(RegisterFunctionalityTest.java:20)
at com.Pageobjects.RegisterFunctionalityTest.setup(RegisterFunctionalityTest.java:20)
at com.Pageobjects.RegisterFunctionalityTest.setup(RegisterFunctionalityTest.java:20)
at com.Pageobjects.RegisterFunctionalityTest.setup(RegisterFunctionalityTest.java:20)
at com.Pageobjects.RegisterFunctionalityTest.setup(RegisterFunctionalityTest.java:20)
at com.Pageobjects.RegisterFunctionalityTest.setup(RegisterFunctionalityTest.java:20)
at com.Pageobjects.RegisterFunctionalityTest.setup(RegisterFunctionalityTest.java:20)
at com.Pageobjects.RegisterFunctionalityTest.setup(RegisterFunctionalityTest.java:20)
at com.Pageobjects.RegisterFunctionalityTest.setup(RegisterFunctionalityTest.java:20)
at com.Pageobjects.RegisterFunctionalityTest.setup(RegisterFunctionalityTest.java:20)
at com.Pageobjects.RegisterFunctionalityTest.setup(RegisterFunctionalityTest.java:20)
at com.Pageobjects.RegisterFunctionalityTest.setup(RegisterFunctionalityTest.java:20)
at com.Pageobjects.RegisterFunctionalityTest.setup(RegisterFunctionalityTest.java:20)
at com.Pageobjects.RegisterFunctionalityTest.setup(RegisterFunctionalityTest.java:20)
at com.Pageobjects.RegisterFunctionalityTest.setup(RegisterFunctionalityTest.java:20)
at com.Pageobjects.RegisterFunctionalityTest.setup(RegisterFunctionalityTest.java:20)
at com.Pageobjects.RegisterFunctionalityTest.setup(RegisterFunctionalityTest.java:20)
at com.Pageobjects.RegisterFunctionalityTest.setup(RegisterFunctionalityTest.java:20)
at com.Pageobjects.RegisterFunctionalityTest.setup(RegisterFunctionalityTest.java:20)
at com.Pageobjects.RegisterFunctionalityTest.setup(RegisterFunctionalityTest.java:20)
at com.Pageobjects.RegisterFunctionalityTest.setup(RegisterFunctionalityTest.java:20)
at com.Pageobjects.RegisterFunctionalityTest.setup(RegisterFunctionalityTest.java:20)
at com.Pageobjects.RegisterFunctionalityTest.setup(RegisterFunctionalityTest.java:20)
at com.Pageobjects.RegisterFunctionalityTest.setup(RegisterFunctionalityTest.java:20)
at com.Pageobjects.RegisterFunctionalityTest.setup(RegisterFunctionalityTest.java:20)
at com.Pageobjects.RegisterFunctionalityTest.setup(RegisterFunctionalityTest.java:20)
at com.Pageobjects.RegisterFunctionalityTest.setup(RegisterFunctionalityTest.java:20)
at com.Pageobjects.RegisterFunctionalityTest.setup(RegisterFunctionalityTest.java:20)
at com.Pageobjects.RegisterFunctionalityTest.setup(RegisterFunctionalityTest.java:20)
at com.Pageobjects.RegisterFunctionalityTest.setup(RegisterFunctionalityTest.java:20)
at com.Pageobjects.RegisterFunctionalityTest.setup(RegisterFunctionalityTest.java:20)
at com.Pageobjects.RegisterFunctionalityTest.setup(RegisterFunctionalityTest.java:20)
at com.Pageobjects.RegisterFunctionalityTest.setup(RegisterFunctionalityTest.java:20)
at com.Pageobjects.RegisterFunctionalityTest.setup(RegisterFunctionalityTest.java:20)
at com.Pageobjects.RegisterFunctionalityTest.setup(RegisterFunctionalityTest.java:20)
at com.Pageobjects.RegisterFunctionalityTest.setup(RegisterFunctionalityTest.java:20)
at com.Pageobjects.RegisterFunctionalityTest.setup(RegisterFunctionalityTest.java:20)
at com.Pageobjects.RegisterFunctionalityTest.setup(RegisterFunctionalityTest.java:20)
at com.Pageobjects.RegisterFunctionalityTest.setup(RegisterFunctionalityTest.java:20)
at com.Pageobjects.RegisterFunctionalityTest.setup(RegisterFunctionalityTest.java:20)
at com.Pageobjects.RegisterFunctionalityTest.setup(RegisterFunctionalityTest.java:20)
at com.Pageobjects.RegisterFunctionalityTest.setup(RegisterFunctionalityTest.java:20)
at com.Pageobjects.RegisterFunctionalityTest.setup(RegisterFunctionalityTest.java:20)
at com.Pageobjects.RegisterFunctionalityTest.setup(RegisterFunctionalityTest.java:20)
at com.Pageobjects.RegisterFunctionalityTest.setup(RegisterFunctionalityTest.java:20)
at com.Pageobjects.RegisterFunctionalityTest.setup(RegisterFunctionalityTest.java:20)
at com.Pageobjects.RegisterFunctionalityTest.setup(RegisterFunctionalityTest.java:20)
at com.Pageobjects.RegisterFunctionalityTest.setup(RegisterFunctionalityTest.java:20)
at com.Pageobjects.RegisterFunctionalityTest.setup(RegisterFunctionalityTest.java:20)
at com.Pageobjects.RegisterFunctionalityTest.setup(RegisterFunctionalityTest.java:20)
at com.Pageobjects.RegisterFunctionalityTest.setup(RegisterFunctionalityTest.java:20)
at com.Pageobjects.RegisterFunctionalityTest.setup(RegisterFunctionalityTest.java:20)
at com.Pageobjects.RegisterFunctionalityTest.setup(RegisterFunctionalityTest.java:20)
at com.Pageobjects.RegisterFunctionalityTest.setup(RegisterFunctionalityTest.java:20)
at com.Pageobjects.RegisterFunctionalityTest.setup(RegisterFunctionalityTest.java:20)
at com.Pageobjects.RegisterFunctionalityTest.setup(RegisterFunctionalityTest.java:20)
at com.Pageobjects.RegisterFunctionalityTest.setup(RegisterFunctionalityTest.java:20)
at com.Pageobjects.RegisterFunctionalityTest.setup(RegisterFunctionalityTest.java:20)
at com.Pageobjects.RegisterFunctionalityTest.setup(RegisterFunctionalityTest.java:20)
at com.Pageobjects.RegisterFunctionalityTest.setup(RegisterFunctionalityTest.java:20)
at com.Pageobjects.RegisterFunctionalityTest.setup(RegisterFunctionalityTest.java:20)
at com.Pageobjects.RegisterFunctionalityTest.setup(RegisterFunctionalityTest.java:20)
at com.Pageobjects.RegisterFunctionalityTest.setup(RegisterFunctionalityTest.java:20)
at com.Pageobjects.RegisterFunctionalityTest.setup(RegisterFunctionalityTest.java:20)
at com.Pageobjects.RegisterFunctionalityTest.setup(RegisterFunctionalityTest.java:20)
at com.Pageobjects.RegisterFunctionalityTest.setup(RegisterFunctionalityTest.java:20)
at com.Pageobjects.RegisterFunctionalityTest.setup(RegisterFunctionalityTest.java:20)
at com.Pageobjects.RegisterFunctionalityTest.setup(RegisterFunctionalityTest.java:20)
at com.Pageobjects.RegisterFunctionalityTest.setup(RegisterFunctionalityTest.java:20)
at com.Pageobjects.RegisterFunctionalityTest.setup(RegisterFunctionalityTest.java:20)
at com.Pageobjects.RegisterFunctionalityTest.setup(RegisterFunctionalityTest.java:20)
at com.Pageobjects.RegisterFunctionalityTest.setup(RegisterFunctionalityTest.java:20)
at com.Pageobjects.RegisterFunctionalityTest.setup(RegisterFunctionalityTest.java:20)
at com.Pageobjects.RegisterFunctionalityTest.setup(RegisterFunctionalityTest.java:20)
at com.Pageobjects.RegisterFunctionalityTest.setup(RegisterFunctionalityTest.java:20)
at com.Pageobjects.RegisterFunctionalityTest.setup(RegisterFunctionalityTest.java:20)
at com.Pageobjects.RegisterFunctionalityTest.setup(RegisterFunctionalityTest.java:20)
at com.Pageobjects.RegisterFunctionalityTest.setup(RegisterFunctionalityTest.java:20)
at com.Pageobjects.RegisterFunctionalityTest.setup(RegisterFunctionalityTest.java:20)
at com.Pageobjects.RegisterFunctionalityTest.setup(RegisterFunctionalityTest.java:20)
at com.Pageobjects.RegisterFunctionalityTest.setup(RegisterFunctionalityTest.java:20)
at com.Pageobjects.RegisterFunctionalityTest.setup(RegisterFunctionalityTest.java:20)
at com.Pageobjects.RegisterFunctionalityTest.setup(RegisterFunctionalityTest.java:20)
at com.Pageobjects.RegisterFunctionalityTest.setup(RegisterFunctionalityTest.java:20)
at com.Pageobjects.RegisterFunctionalityTest.setup(RegisterFunctionalityTest.java:20)
at com.Pageobjects.RegisterFunctionalityTest.setup(RegisterFunctionalityTest.java:20)
at com.Pageobjects.RegisterFunctionalityTest.setup(RegisterFunctionalityTest.java:20)
at com.Pageobjects.RegisterFunctionalityTest.setup(RegisterFunctionalityTest.java:20)
at com.Pageobjects.RegisterFunctionalityTest.setup(RegisterFunctionalityTest.java:20)
at com.Pageobjects.RegisterFunctionalityTest.setup(RegisterFunctionalityTest.java:20)
at com.Pageobjects.RegisterFunctionalityTest.setup(RegisterFunctionalityTest.java:20)
at com.Pageobjects.RegisterFunctionalityTest.setup(RegisterFunctionalityTest.java:20)
at com.Pageobjects.RegisterFunctionalityTest.setup(RegisterFunctionalityTest.java:20)
at com.Pageobjects.RegisterFunctionalityTest.setup(RegisterFunctionalityTest.java:20)
at com.Pageobjects.RegisterFunctionalityTest.setup(RegisterFunctionalityTest.java:20)
at com.Pageobjects.RegisterFunctionalityTest.setup(RegisterFunctionalityTest.java:20)
at com.Pageobjects.RegisterFunctionalityTest.setup(RegisterFunctionalityTest.java:20)
at com.Pageobjects.RegisterFunctionalityTest.setup(RegisterFunctionalityTest.java:20)
at com.Pageobjects.RegisterFunctionalityTest.setup(RegisterFunctionalityTest.java:20)
at com.Pageobjects.RegisterFunctionalityTest.setup(RegisterFunctionalityTest.java:20)
at com.Pageobjects.RegisterFunctionalityTest.setup(RegisterFunctionalityTest.java:20)
at com.Pageobjects.RegisterFunctionalityTest.setup(RegisterFunctionalityTest.java:20)
at com.Pageobjects.RegisterFunctionalityTest.setup(RegisterFunctionalityTest.java:20)
at com.Pageobjects.RegisterFunctionalityTest.setup(RegisterFunctionalityTest.java:20)
at com.Pageobjects.RegisterFunctionalityTest.setup(RegisterFunctionalityTest.java:20)
at com.Pageobjects.RegisterFunctionalityTest.setup(RegisterFunctionalityTest.java:20)
at com.Pageobjects.RegisterFunctionalityTest.setup(RegisterFunctionalityTest.java:20)
at com.Pageobjects.RegisterFunctionalityTest.setup(RegisterFunctionalityTest.java:20)
at com.Pageobjects.RegisterFunctionalityTest.setup(RegisterFunctionalityTest.java:20)
at com.Pageobjects.RegisterFunctionalityTest.setup(RegisterFunctionalityTest.java:20)
at com.Pageobjects.RegisterFunctionalityTest.setup(RegisterFunctionalityTest.java:20)
at com.Pageobjects.RegisterFunctionalityTest.setup(RegisterFunctionalityTest.java:20)
at com.Pageobjects.RegisterFunctionalityTest.setup(RegisterFunctionalityTest.java:20)
at com.Pageobjects.RegisterFunctionalityTest.setup(RegisterFunctionalityTest.java:20)
at com.Pageobjects.RegisterFunctionalityTest.setup(RegisterFunctionalityTest.java:20)
at com.Pageobjects.RegisterFunctionalityTest.setup(RegisterFunctionalityTest.java:20)
at com.Pageobjects.RegisterFunctionalityTest.setup(RegisterFunctionalityTest.java:20)
at com.Pageobjects.RegisterFunctionalityTest.setup(RegisterFunctionalityTest.java:20)
at com.Pageobjects.RegisterFunctionalityTest.setup(RegisterFunctionalityTest.java:20)
at com.Pageobjects.RegisterFunctionalityTest.setup(RegisterFunctionalityTest.java:20)
at com.Pageobjects.RegisterFunctionalityTest.setup(RegisterFunctionalityTest.java:20)
at com.Pageobjects.RegisterFunctionalityTest.setup(RegisterFunctionalityTest.java:20)
at com.Pageobjects.RegisterFunctionalityTest.setup(RegisterFunctionalityTest.java:20)
at com.Pageobjects.RegisterFunctionalityTest.setup(RegisterFunctionalityTest.java:20)
at com.Pageobjects.RegisterFunctionalityTest.setup(RegisterFunctionalityTest.java:20)
at com.Pageobjects.RegisterFunctionalityTest.setup(RegisterFunctionalityTest.java:20)
at com.Pageobjects.RegisterFunctionalityTest.setup(RegisterFunctionalityTest.java:20)
at com.Pageobjects.RegisterFunctionalityTest.setup(RegisterFunctionalityTest.java:20)
at com.Pageobjects.RegisterFunctionalityTest.setup(RegisterFunctionalityTest.java:20)
at com.Pageobjects.RegisterFunctionalityTest.setup(RegisterFunctionalityTest.java:20)
at com.Pageobjects.RegisterFunctionalityTest.setup(RegisterFunctionalityTest.java:20)
at com.Pageobjects.RegisterFunctionalityTest.setup(RegisterFunctionalityTest.java:20)
at com.Pageobjects.RegisterFunctionalityTest.setup(RegisterFunctionalityTest.java:20)
at com.Pageobjects.RegisterFunctionalityTest.setup(RegisterFunctionalityTest.java:20)
at com.Pageobjects.RegisterFunctionalityTest.setup(RegisterFunctionalityTest.java:20)
at com.Pageobjects.RegisterFunctionalityTest.setup(RegisterFunctionalityTest.java:20)
at com.Pageobjects.RegisterFunctionalityTest.setup(RegisterFunctionalityTest.java:20)
at com.Pageobjects.RegisterFunctionalityTest.setup(RegisterFunctionalityTest.java:20)
at com.Pageobjects.RegisterFunctionalityTest.setup(RegisterFunctionalityTest.java:20)
at com.Pageobjects.RegisterFunctionalityTest.setup(RegisterFunctionalityTest.java:20)
at com.Pageobjects.RegisterFunctionalityTest.setup(RegisterFunctionalityTest.java:20)
at com.Pageobjects.RegisterFunctionalityTest.setup(RegisterFunctionalityTest.java:20)
at com.Pageobjects.RegisterFunctionalityTest.setup(RegisterFunctionalityTest.java:20)
at com.Pageobjects.RegisterFunctionalityTest.setup(RegisterFunctionalityTest.java:20)
at com.Pageobjects.RegisterFunctionalityTest.setup(RegisterFunctionalityTest.java:20)
at com.Pageobjects.RegisterFunctionalityTest.setup(RegisterFunctionalityTest.java:20)
at com.Pageobjects.RegisterFunctionalityTest.setup(RegisterFunctionalityTest.java:20)
at com.Pageobjects.RegisterFunctionalityTest.setup(RegisterFunctionalityTest.java:20)
at com.Pageobjects.RegisterFunctionalityTest.setup(RegisterFunctionalityTest.java:20)
at com.Pageobjects.RegisterFunctionalityTest.setup(RegisterFunctionalityTest.java:20)
at com.Pageobjects.RegisterFunctionalityTest.setup(RegisterFunctionalityTest.java:20)
at com.Pageobjects.RegisterFunctionalityTest.setup(RegisterFunctionalityTest.java:20)
at com.Pageobjects.RegisterFunctionalityTest.setup(RegisterFunctionalityTest.java:20)
at com.Pageobjects.RegisterFunctionalityTest.setup(RegisterFunctionalityTest.java:20)
at com.Pageobjects.RegisterFunctionalityTest.setup(RegisterFunctionalityTest.java:20)
at com.Pageobjects.RegisterFunctionalityTest.setup(RegisterFunctionalityTest.java:20)
at com.Pageobjects.RegisterFunctionalityTest.setup(RegisterFunctionalityTest.java:20)
at com.Pageobjects.RegisterFunctionalityTest.setup(RegisterFunctionalityTest.java:20)
at com.Pageobjects.RegisterFunctionalityTest.setup(RegisterFunctionalityTest.java:20)
at com.Pageobjects.RegisterFunctionalityTest.setup(RegisterFunctionalityTest.java:20)
at com.Pageobjects.RegisterFunctionalityTest.setup(RegisterFunctionalityTest.java:20)
at com.Pageobjects.RegisterFunctionalityTest.setup(RegisterFunctionalityTest.java:20)
at com.Pageobjects.RegisterFunctionalityTest.setup(RegisterFunctionalityTest.java:20)
at com.Pageobjects.RegisterFunctionalityTest.setup(RegisterFunctionalityTest.java:20)
at com.Pageobjects.RegisterFunctionalityTest.setup(RegisterFunctionalityTest.java:20)
at com.Pageobjects.RegisterFunctionalityTest.setup(RegisterFunctionalityTest.java:20)
at com.Pageobjects.RegisterFunctionalityTest.setup(RegisterFunctionalityTest.java:20)
at com.Pageobjects.RegisterFunctionalityTest.setup(RegisterFunctionalityTest.java:20)
at com.Pageobjects.RegisterFunctionalityTest.setup(RegisterFunctionalityTest.java:20)
at com.Pageobjects.RegisterFunctionalityTest.setup(RegisterFunctionalityTest.java:20)
at com.Pageobjects.RegisterFunctionalityTest.setup(RegisterFunctionalityTest.java:20)
at com.Pageobjects.RegisterFunctionalityTest.setup(RegisterFunctionalityTest.java:20)
at com.Pageobjects.RegisterFunctionalityTest.setup(RegisterFunctionalityTest.java:20)
at com.Pageobjects.RegisterFunctionalityTest.setup(RegisterFunctionalityTest.java:20)
at com.Pageobjects.RegisterFunctionalityTest.setup(RegisterFunctionalityTest.java:20)
at com.Pageobjects.RegisterFunctionalityTest.setup(RegisterFunctionalityTest.java:20)
at com.Pageobjects.RegisterFunctionalityTest.setup(RegisterFunctionalityTest.java:20)
at com.Pageobjects.RegisterFunctionalityTest.setup(RegisterFunctionalityTest.java:20)
at com.Pageobjects.RegisterFunctionalityTest.setup(RegisterFunctionalityTest.java:20)
at com.Pageobjects.RegisterFunctionalityTest.setup(RegisterFunctionalityTest.java:20)
at com.Pageobjects.RegisterFunctionalityTest.setup(RegisterFunctionalityTest.java:20)
at com.Pageobjects.RegisterFunctionalityTest.setup(RegisterFunctionalityTest.java:20)
at com.Pageobjects.RegisterFunctionalityTest.setup(RegisterFunctionalityTest.java:20)
at com.Pageobjects.RegisterFunctionalityTest.setup(RegisterFunctionalityTest.java:20)
at com.Pageobjects.RegisterFunctionalityTest.setup(RegisterFunctionalityTest.java:20)
at com.Pageobjects.RegisterFunctionalityTest.setup(RegisterFunctionalityTest.java:20)
at com.Pageobjects.RegisterFunctionalityTest.setup(RegisterFunctionalityTest.java:20)
at com.Pageobjects.RegisterFunctionalityTest.setup(RegisterFunctionalityTest.java:20)
at com.Pageobjects.RegisterFunctionalityTest.setup(RegisterFunctionalityTest.java:20)
at com.Pageobjects.RegisterFunctionalityTest.setup(RegisterFunctionalityTest.java:20)
at com.Pageobjects.RegisterFunctionalityTest.setup(RegisterFunctionalityTest.java:20)
at com.Pageobjects.RegisterFunctionalityTest.setup(RegisterFunctionalityTest.java:20)
at com.Pageobjects.RegisterFunctionalityTest.setup(RegisterFunctionalityTest.java:20)
at com.Pageobjects.RegisterFunctionalityTest.setup(RegisterFunctionalityTest.java:20)
at com.Pageobjects.RegisterFunctionalityTest.setup(RegisterFunctionalityTest.java:20)
at com.Pageobjects.RegisterFunctionalityTest.setup(RegisterFunctionalityTest.java:20)
at com.Pageobjects.RegisterFunctionalityTest.setup(RegisterFunctionalityTest.java:20)
at com.Pageobjects.RegisterFunctionalityTest.setup(RegisterFunctionalityTest.java:20)
at com.Pageobjects.RegisterFunctionalityTest.setup(RegisterFunctionalityTest.java:20)
at com.Pageobjects.RegisterFunctionalityTest.setup(RegisterFunctionalityTest.java:20)
at com.Pageobjects.RegisterFunctionalityTest.setup(RegisterFunctionalityTest.java:20)
at com.Pageobjects.RegisterFunctionalityTest.setup(RegisterFunctionalityTest.java:20)
at com.Pageobjects.RegisterFunctionalityTest.setup(RegisterFunctionalityTest.java:20)
at com.Pageobjects.RegisterFunctionalityTest.setup(RegisterFunctionalityTest.java:20)
at com.Pageobjects.RegisterFunctionalityTest.setup(RegisterFunctionalityTest.java:20)
at com.Pageobjects.RegisterFunctionalityTest.setup(RegisterFunctionalityTest.java:20)
at com.Pageobjects.RegisterFunctionalityTest.setup(RegisterFunctionalityTest.java:20)
at com.Pageobjects.RegisterFunctionalityTest.setup(RegisterFunctionalityTest.java:20)
at com.Pageobjects.RegisterFunctionalityTest.setup(RegisterFunctionalityTest.java:20)
at com.Pageobjects.RegisterFunctionalityTest.setup(RegisterFunctionalityTest.java:20)
at com.Pageobjects.RegisterFunctionalityTest.setup(RegisterFunctionalityTest.java:20)
at com.Pageobjects.RegisterFunctionalityTest.setup(RegisterFunctionalityTest.java:20)
at com.Pageobjects.RegisterFunctionalityTest.setup(RegisterFunctionalityTest.java:20)
at com.Pageobjects.RegisterFunctionalityTest.setup(RegisterFunctionalityTest.java:20)
at com.Pageobjects.RegisterFunctionalityTest.setup(RegisterFunctionalityTest.java:20)
at com.Pageobjects.RegisterFunctionalityTest.setup(RegisterFunctionalityTest.java:20)
at com.Pageobjects.RegisterFunctionalityTest.setup(RegisterFunctionalityTest.java:20)
at com.Pageobjects.RegisterFunctionalityTest.setup(RegisterFunctionalityTest.java:20)
at com.Pageobjects.RegisterFunctionalityTest.setup(RegisterFunctionalityTest.java:20)
at com.Pageobjects.RegisterFunctionalityTest.setup(RegisterFunctionalityTest.java:20)
at com.Pageobjects.RegisterFunctionalityTest.setup(RegisterFunctionalityTest.java:20)
at com.Pageobjects.RegisterFunctionalityTest.setup(RegisterFunctionalityTest.java:20)
at com.Pageobjects.RegisterFunctionalityTest.setup(RegisterFunctionalityTest.java:20)
at com.Pageobjects.RegisterFunctionalityTest.setup(RegisterFunctionalityTest.java:20)
at com.Pageobjects.RegisterFunctionalityTest.setup(RegisterFunctionalityTest.java:20)
at com.Pageobjects.RegisterFunctionalityTest.setup(RegisterFunctionalityTest.java:20)
at com.Pageobjects.RegisterFunctionalityTest.setup(RegisterFunctionalityTest.java:20)
at com.Pageobjects.RegisterFunctionalityTest.setup(RegisterFunctionalityTest.java:20)
at com.Pageobjects.RegisterFunctionalityTest.setup(RegisterFunctionalityTest.java:20)
at com.Pageobjects.RegisterFunctionalityTest.setup(RegisterFunctionalityTest.java:20)
at com.Pageobjects.RegisterFunctionalityTest.setup(RegisterFunctionalityTest.java:20)
at com.Pageobjects.RegisterFunctionalityTest.setup(RegisterFunctionalityTest.java:20)
at com.Pageobjects.RegisterFunctionalityTest.setup(RegisterFunctionalityTest.java:20)
at com.Pageobjects.RegisterFunctionalityTest.setup(RegisterFunctionalityTest.java:20)
at com.Pageobjects.RegisterFunctionalityTest.setup(RegisterFunctionalityTest.java:20)
at com.Pageobjects.RegisterFunctionalityTest.setup(RegisterFunctionalityTest.java:20)
at com.Pageobjects.RegisterFunctionalityTest.setup(RegisterFunctionalityTest.java:20)
at com.Pageobjects.RegisterFunctionalityTest.setup(RegisterFunctionalityTest.java:20)
at com.Pageobjects.RegisterFunctionalityTest.setup(RegisterFunctionalityTest.java:20)
at com.Pageobjects.RegisterFunctionalityTest.setup(RegisterFunctionalityTest.java:20)
at com.Pageobjects.RegisterFunctionalityTest.setup(RegisterFunctionalityTest.java:20)
at com.Pageobjects.RegisterFunctionalityTest.setup(RegisterFunctionalityTest.java:20)
at com.Pageobjects.RegisterFunctionalityTest.setup(RegisterFunctionalityTest.java:20)
at com.Pageobjects.RegisterFunctionalityTest.setup(RegisterFunctionalityTest.java:20)
at com.Pageobjects.RegisterFunctionalityTest.setup(RegisterFunctionalityTest.java:20)
at com.Pageobjects.RegisterFunctionalityTest.setup(RegisterFunctionalityTest.java:20)
at com.Pageobjects.RegisterFunctionalityTest.setup(RegisterFunctionalityTest.java:20)
at com.Pageobjects.RegisterFunctionalityTest.setup(RegisterFunctionalityTest.java:20)
at com.Pageobjects.RegisterFunctionalityTest.setup(RegisterFunctionalityTest.java:20)
at com.Pageobjects.RegisterFunctionalityTest.setup(RegisterFunctionalityTest.java:20)
at com.Pageobjects.RegisterFunctionalityTest.setup(RegisterFunctionalityTest.java:20)
at com.Pageobjects.RegisterFunctionalityTest.setup(RegisterFunctionalityTest.java:20)
at com.Pageobjects.RegisterFunctionalityTest.setup(RegisterFunctionalityTest.java:20)
at com.Pageobjects.RegisterFunctionalityTest.setup(RegisterFunctionalityTest.java:20)
at com.Pageobjects.RegisterFunctionalityTest.setup(RegisterFunctionalityTest.java:20)
at com.Pageobjects.RegisterFunctionalityTest.setup(RegisterFunctionalityTest.java:20)
at com.Pageobjects.RegisterFunctionalityTest.setup(RegisterFunctionalityTest.java:20)
at com.Pageobjects.RegisterFunctionalityTest.setup(RegisterFunctionalityTest.java:20)
at com.Pageobjects.RegisterFunctionalityTest.setup(RegisterFunctionalityTest.java:20)
at com.Pageobjects.RegisterFunctionalityTest.setup(RegisterFunctionalityTest.java:20)
at com.Pageobjects.RegisterFunctionalityTest.setup(RegisterFunctionalityTest.java:20)
at com.Pageobjects.RegisterFunctionalityTest.setup(RegisterFunctionalityTest.java:20)
at com.Pageobjects.RegisterFunctionalityTest.setup(RegisterFunctionalityTest.java:20)
at com.Pageobjects.RegisterFunctionalityTest.setup(RegisterFunctionalityTest.java:20)
at com.Pageobjects.RegisterFunctionalityTest.setup(RegisterFunctionalityTest.java:20)
at com.Pageobjects.RegisterFunctionalityTest.setup(RegisterFunctionalityTest.java:20)
at com.Pageobjects.RegisterFunctionalityTest.setup(RegisterFunctionalityTest.java:20)
at com.Pageobjects.RegisterFunctionalityTest.setup(RegisterFunctionalityTest.java:20)
at com.Pageobjects.RegisterFunctionalityTest.setup(RegisterFunctionalityTest.java:20)
at com.Pageobjects.RegisterFunctionalityTest.setup(RegisterFunctionalityTest.java:20)
at com.Pageobjects.RegisterFunctionalityTest.setup(RegisterFunctionalityTest.java:20)
at com.Pageobjects.RegisterFunctionalityTest.setup(RegisterFunctionalityTest.java:20)
at com.Pageobjects.RegisterFunctionalityTest.setup(RegisterFunctionalityTest.java:20)
at com.Pageobjects.RegisterFunctionalityTest.setup(RegisterFunctionalityTest.java:20)
at com.Pageobjects.RegisterFunctionalityTest.setup(RegisterFunctionalityTest.java:20)
at com.Pageobjects.RegisterFunctionalityTest.setup(RegisterFunctionalityTest.java:20)
at com.Pageobjects.RegisterFunctionalityTest.setup(RegisterFunctionalityTest.java:20)
at com.Pageobjects.RegisterFunctionalityTest.setup(RegisterFunctionalityTest.java:20)
at com.Pageobjects.RegisterFunctionalityTest.setup(RegisterFunctionalityTest.java:20)
at com.Pageobjects.RegisterFunctionalityTest.setup(RegisterFunctionalityTest.java:20)
at com.Pageobjects.RegisterFunctionalityTest.setup(RegisterFunctionalityTest.java:20)
at com.Pageobjects.RegisterFunctionalityTest.setup(RegisterFunctionalityTest.java:20)
at com.Pageobjects.RegisterFunctionalityTest.setup(RegisterFunctionalityTest.java:20)
at com.Pageobjects.RegisterFunctionalityTest.setup(RegisterFunctionalityTest.java:20)
at com.Pageobjects.RegisterFunctionalityTest.setup(RegisterFunctionalityTest.java:20)
at com.Pageobjects.RegisterFunctionalityTest.setup(RegisterFunctionalityTest.java:20)
at com.Pageobjects.RegisterFunctionalityTest.setup(RegisterFunctionalityTest.java:20)
at com.Pageobjects.RegisterFunctionalityTest.setup(RegisterFunctionalityTest.java:20)
at com.Pageobjects.RegisterFunctionalityTest.setup(RegisterFunctionalityTest.java:20)
at com.Pageobjects.RegisterFunctionalityTest.setup(RegisterFunctionalityTest.java:20)
at com.Pageobjects.RegisterFunctionalityTest.setup(RegisterFunctionalityTest.java:20)
at com.Pageobjects.RegisterFunctionalityTest.setup(RegisterFunctionalityTest.java:20)
at com.Pageobjects.RegisterFunctionalityTest.setup(RegisterFunctionalityTest.java:20)
at com.Pageobjects.RegisterFunctionalityTest.setup(RegisterFunctionalityTest.java:20)
at com.Pageobjects.RegisterFunctionalityTest.setup(RegisterFunctionalityTest.java:20)
at com.Pageobjects.RegisterFunctionalityTest.setup(RegisterFunctionalityTest.java:20)
at com.Pageobjects.RegisterFunctionalityTest.setup(RegisterFunctionalityTest.java:20)
at com.Pageobjects.RegisterFunctionalityTest.setup(RegisterFunctionalityTest.java:20)
at com.Pageobjects.RegisterFunctionalityTest.setup(RegisterFunctionalityTest.java:20)
at com.Pageobjects.RegisterFunctionalityTest.setup(RegisterFunctionalityTest.java:20)
at com.Pageobjects.RegisterFunctionalityTest.setup(RegisterFunctionalityTest.java:20)
at com.Pageobjects.RegisterFunctionalityTest.setup(RegisterFunctionalityTest.java:20)
at com.Pageobjects.RegisterFunctionalityTest.setup(RegisterFunctionalityTest.java:20)
at com.Pageobjects.RegisterFunctionalityTest.setup(RegisterFunctionalityTest.java:20)
at com.Pageobjects.RegisterFunctionalityTest.setup(RegisterFunctionalityTest.java:20)
at com.Pageobjects.RegisterFunctionalityTest.setup(RegisterFunctionalityTest.java:20)
at com.Pageobjects.RegisterFunctionalityTest.setup(RegisterFunctionalityTest.java:20)
at com.Pageobjects.RegisterFunctionalityTest.setup(RegisterFunctionalityTest.java:20)
at com.Pageobjects.RegisterFunctionalityTest.setup(RegisterFunctionalityTest.java:20)
at com.Pageobjects.RegisterFunctionalityTest.setup(RegisterFunctionalityTest.java:20)
at com.Pageobjects.RegisterFunctionalityTest.setup(RegisterFunctionalityTest.java:20)
at com.Pageobjects.RegisterFunctionalityTest.setup(RegisterFunctionalityTest.java:20)
at com.Pageobjects.RegisterFunctionalityTest.setup(RegisterFunctionalityTest.java:20)
at com.Pageobjects.RegisterFunctionalityTest.setup(RegisterFunctionalityTest.java:20)
at com.Pageobjects.RegisterFunctionalityTest.setup(RegisterFunctionalityTest.java:20)
at com.Pageobjects.RegisterFunctionalityTest.setup(RegisterFunctionalityTest.java:20)
]]>
    </error>
  </testcase> <!-- setup -->
  <testcase classname="com.Pageobjects.RegisterFunctionalityTest" name="verifygivenurl" time="0.000">
    <skipped/>
  </testcase> <!-- verifygivenurl -->
  <testcase classname="com.Pageobjects.RegisterFunctionalityTest" name="validatelogin" time="0.007">
    <skipped/>
  </testcase> <!-- validatelogin -->
  <testcase classname="com.Pageobjects.RegisterFunctionalityTest" name="validateurl" time="0.001">
    <skipped/>
  </testcase> <!-- validateurl -->
</testsuite> <!-- com.Pageobjects.RegisterFunctionalityTest -->
